V |                      | ArgumentsFromParametersFile.OnBuildCreated (150)
V |                      | HandleReSharperSurrogateArguments.OnBuildCreated (150)
V |                      | InjectParameterValues.OnBuildCreated (100)
V |                      | HandleShellCompletion.OnBuildCreated (75)
V |                      | GenerateBuildServerConfigurations.OnBuildCreated (50)
V |                      | InvokeBuildServerConfigurationGeneration.OnBuildCreated (45)
V |                      | UpdateNotification.OnBuildCreated (10)
V |                      | UnsetVisualStudioEnvironmentVariables.OnBuildCreated (0)
V |                      | HandleVisualStudioDebugging.OnBuildCreated (0)
V |                      | EventInvoker.OnBuildCreated (-3.4028235E+38)
V |                      | HandlePlanRequests.OnBuildInitialized (10)
V |                      | HandleHelpRequests.OnBuildInitialized (5)
V |                      | Telemetry.OnBuildInitialized (0)
V |                      | Sending BuildStarted telemetry event ...
V |                      |   build_components         = 
V |                      |   build_type               = Project
V |                      |   compile_time             = <null>
V |                      |   config_generators        = 
V |                      |   host                     = Rider
V |                      |   num_custom_components    = 0
V |                      |   num_custom_extensions    = 0
V |                      |   num_partitioned_targets  = 0
V |                      |   num_secrets              = 0
V |                      |   num_targets              = 4
V |                      |   os_architecture          = X64
V |                      |   os_platform              = Windows
V |                      |   target_framework         = .NETCoreApp,Version=v9.0
V |                      |   version_dotnet_sdk       = 10.0.102
V |                      |   version_nuke_common      = 9.0.4
V |                      |   version_nuke_global_tool = <null>
V |                      | InjectNonParameterValues.OnBuildInitialized (-100)
V |                      | EventInvoker.OnBuildInitialized (-3.4028235E+38)
V | Restore              | EventInvoker.OnTargetRunning (-3.4028235E+38)
I | Restore              | > "C:\Program Files\dotnet\dotnet.exe" restore D:\dev\Code\Projects\DsF\dragonsforge.sln
V | Restore              | @ D:\dev\Code\Projects\DsF
D | Restore              |   Determining projects to restore...
D | Restore              |   All projects are up-to-date for restore.
V | Restore              | Telemetry.OnTargetSucceeded (0)
V | Restore              | Sending TargetSucceeded telemetry event ...
V | Restore              |   build_components         = 
V | Restore              |   build_type               = Project
V | Restore              |   compile_time             = <null>
V | Restore              |   config_generators        = 
V | Restore              |   host                     = Rider
V | Restore              |   num_custom_components    = 0
V | Restore              |   num_custom_extensions    = 0
V | Restore              |   num_partitioned_targets  = 0
V | Restore              |   num_secrets              = 0
V | Restore              |   num_targets              = 4
V | Restore              |   os_architecture          = X64
V | Restore              |   os_platform              = Windows
V | Restore              |   target_current_partition = 1
V | Restore              |   target_duration          = 2
V | Restore              |   target_framework         = .NETCoreApp,Version=v9.0
V | Restore              |   target_name              = Restore
V | Restore              |   target_total_partitions  = 1
V | Restore              |   version_dotnet_sdk       = 10.0.102
V | Restore              |   version_nuke_common      = 9.0.4
V | Restore              |   version_nuke_global_tool = <null>
V | Restore              | EventInvoker.OnTargetSucceeded (-3.4028235E+38)
V | Compile              | EventInvoker.OnTargetRunning (-3.4028235E+38)
I | Compile              | > "C:\Program Files\dotnet\dotnet.exe" build D:\dev\Code\Projects\DsF\dragonsforge.sln --configuration Debug
V | Compile              | @ D:\dev\Code\Projects\DsF
D | Compile              |   Determining projects to restore...
D | Compile              |   All projects are up-to-date for restore.
D | Compile              |   AppHost -> D:\dev\Code\Projects\DsF\src\AppHost\bin\Debug\net10.0\AppHost.dll
D | Compile              | 
D | Compile              | Build succeeded.
D | Compile              |     0 Warning(s)
D | Compile              |     0 Error(s)
D | Compile              | 
D | Compile              | Time Elapsed 00:00:02.08
V | Compile              | Telemetry.OnTargetSucceeded (0)
V | Compile              | Sending TargetSucceeded telemetry event ...
V | Compile              |   build_components         = 
V | Compile              |   build_type               = Project
V | Compile              |   compile_time             = <null>
V | Compile              |   config_generators        = 
V | Compile              |   host                     = Rider
V | Compile              |   num_custom_components    = 0
V | Compile              |   num_custom_extensions    = 0
V | Compile              |   num_partitioned_targets  = 0
V | Compile              |   num_secrets              = 0
V | Compile              |   num_targets              = 4
V | Compile              |   os_architecture          = X64
V | Compile              |   os_platform              = Windows
V | Compile              |   target_current_partition = 1
V | Compile              |   target_duration          = 2
V | Compile              |   target_framework         = .NETCoreApp,Version=v9.0
V | Compile              |   target_name              = Compile
V | Compile              |   target_total_partitions  = 1
V | Compile              |   version_dotnet_sdk       = 10.0.102
V | Compile              |   version_nuke_common      = 9.0.4
V | Compile              |   version_nuke_global_tool = <null>
V | Compile              | EventInvoker.OnTargetSucceeded (-3.4028235E+38)
V | AspireRun            | EventInvoker.OnTargetRunning (-3.4028235E+38)
I | AspireRun            | > "C:\Program Files\dotnet\dotnet.exe" run --project D:\dev\Code\Projects\DsF\src\AppHost\AppHost.csproj
V | AspireRun            | @ D:\dev\Code\Projects\DsF
D | AspireRun            | Using launch settings from D:\dev\Code\Projects\DsF\src\AppHost\Properties\launchSettings.json...
D | AspireRun            | Building...
D | AspireRun            | info: Aspire.Hosting.DistributedApplication[0]
D | AspireRun            |       Aspire version: 13.1.0+8a4db1775c3fbae1c602022b636299cb04971fde
D | AspireRun            | info: Aspire.Hosting.DistributedApplication[0]
D | AspireRun            |       Distributed application starting.
D | AspireRun            | info: Aspire.Hosting.DistributedApplication[0]
D | AspireRun            |       Application host directory is: D:\dev\Code\Projects\DsF\src\AppHost
D | AspireRun            | crit: Aspire.Hosting.Dcp.DcpExecutor[0]
D | AspireRun            |       Watch task over Kubernetes Container resources terminated unexpectedly.
D | AspireRun            |       System.Net.Http.HttpRequestException: Сделана попытка доступа к сокету методом, запрещенным правами доступа. ([::1]:50933)
D | AspireRun            |        ---> System.Net.Sockets.SocketException (10013): Сделана попытка доступа к сокету методом, запрещенным правами доступа.
D | AspireRun            |          at System.Net.Sockets.Socket.AwaitableSocketAsyncEventArgs.ThrowException(SocketError error, CancellationToken cancellationToken)
D | AspireRun            |          at System.Net.Sockets.Socket.AwaitableSocketAsyncEventArgs.System.Threading.Tasks.Sources.IValueTaskSource.GetResult(Int16 token)
D | AspireRun            |          at System.Net.Http.HttpConnectionPool.ConnectToTcpHostAsync(String host, Int32 port, HttpRequestMessage initialRequest, Boolean async, CancellationToken cancellationToken)
D | AspireRun            |          --- End of inner exception stack trace ---
D | AspireRun            |          at System.Net.Http.HttpConnectionPool.ConnectToTcpHostAsync(String host, Int32 port, HttpRequestMessage initialRequest, Boolean async, CancellationToken cancellationToken)
D | AspireRun            |          at System.Net.Http.HttpConnectionPool.ConnectAsync(HttpRequestMessage request, Boolean async, CancellationToken cancellationToken)
D | AspireRun            |          at System.Net.Http.HttpConnectionPool.InjectNewHttp2ConnectionAsync(QueueItem queueItem)
D | AspireRun            |          at System.Threading.Tasks.TaskCompletionSourceWithCancellation`1.WaitWithCancellationAsync(CancellationToken cancellationToken)
D | AspireRun            |          at System.Net.Http.HttpConnectionPool.SendWithVersionDetectionAndRetryAsync(HttpRequestMessage request, Boolean async, Boolean doRequestAuth, CancellationToken cancellationToken)
D | AspireRun            |          at System.Net.Http.RedirectHandler.SendAsync(HttpRequestMessage request, Boolean async, CancellationToken cancellationToken)
D | AspireRun            |          at System.Net.Http.SocketsHttpHandler.<SendAsync>g__CreateHandlerAndSendAsync|115_0(HttpRequestMessage request, CancellationToken cancellationToken)
D | AspireRun            |          at System.Net.Http.HttpClient.<SendAsync>g__Core|83_0(HttpRequestMessage request, HttpCompletionOption completionOption, CancellationTokenSource cts, Boolean disposeCts, CancellationTokenSource pendingRequestsCts, CancellationToken originalCancellationToken)
D | AspireRun            |          at k8s.Kubernetes.SendRequestRaw(String requestContent, HttpRequestMessage httpRequest, CancellationToken cancellationToken)
D | AspireRun            |          at k8s.AbstractKubernetes.ICustomObjectsOperations_ListClusterCustomObjectWithHttpMessagesAsync[T](String group, String version, String plural, Nullable`1 allowWatchBookmarks, String continueParameter, String fieldSelector, String labelSelector, Nullable`1 limit, String resourceVersion, String resourceVersionMatch, Nullable`1 timeoutSeconds, Nullable`1 watch, Nullable`1 pretty, IReadOnlyDictionary`2 customHeaders, CancellationToken cancellationToken)
D | AspireRun            |          at k8s.AbstractKubernetes.k8s.ICustomObjectsOperations.ListClusterCustomObjectWithHttpMessagesAsync(String group, String version, String plural, Nullable`1 allowWatchBookmarks, String continueParameter, String fieldSelector, String labelSelector, Nullable`1 limit, String resourceVersion, String resourceVersionMatch, Nullable`1 timeoutSeconds, Nullable`1 watch, Nullable`1 pretty, IReadOnlyDictionary`2 customHeaders, CancellationToken cancellationToken)
D | AspireRun            |          at k8s.WatcherExt.<>c__DisplayClass1_0`2.<<MakeStreamReaderCreator>b__0>d.MoveNext()
D | AspireRun            |       --- End of stack trace from previous location ---
D | AspireRun            |          at k8s.Watcher`1.<>c.<CreateWatchEventEnumerator>b__21_1[TR](Task`1 t)
D | AspireRun            |          at System.Threading.Tasks.ContinuationResultTaskFromResultTask`2.InnerInvoke()
D | AspireRun            |          at System.Threading.ExecutionContext.RunFromThreadPoolDispatchLoop(Thread threadPoolThread, ExecutionContext executionContext, ContextCallback callback, Object state)
D | AspireRun            |       --- End of stack trace from previous location ---
D | AspireRun            |          at System.Threading.ExecutionContext.RunFromThreadPoolDispatchLoop(Thread threadPoolThread, ExecutionContext executionContext, ContextCallback callback, Object state)
D | AspireRun            |          at System.Threading.Tasks.Task.ExecuteWithThreadLocal(Task& currentTaskSlot, Thread threadPoolThread)
D | AspireRun            |       --- End of stack trace from previous location ---
D | AspireRun            |          at k8s.Watcher`1.CreateWatchEventEnumerator(Func`1 streamReaderCreator, Action`1 onError, CancellationToken cancellationToken)+MoveNext()
D | AspireRun            |          at k8s.Watcher`1.CreateWatchEventEnumerator(Func`1 streamReaderCreator, Action`1 onError, CancellationToken cancellationToken)+System.Threading.Tasks.Sources.IValueTaskSource<System.Boolean>.GetResult()
D | AspireRun            |          at Aspire.Hosting.Utils.PeriodicRestartAsyncEnumerable.CreateAsync[T](Func`3 enumerableFactory, TimeSpan restartInterval, CancellationToken cancellationToken)+MoveNext() in /_/src/Aspire.Hosting/Utils/PeriodicRestartAsyncEnumerable.cs:line 39
D | AspireRun            |          at Aspire.Hosting.Utils.PeriodicRestartAsyncEnumerable.CreateAsync[T](Func`3 enumerableFactory, TimeSpan restartInterval, CancellationToken cancellationToken)+MoveNext() in /_/src/Aspire.Hosting/Utils/PeriodicRestartAsyncEnumerable.cs:line 59
D | AspireRun            |          at Aspire.Hosting.Utils.PeriodicRestartAsyncEnumerable.CreateAsync[T](Func`3 enumerableFactory, TimeSpan restartInterval, CancellationToken cancellationToken)+System.Threading.Tasks.Sources.IValueTaskSource<System.Boolean>.GetResult()
D | AspireRun            |          at Aspire.Hosting.Dcp.KubernetesService.WatchAsync[T](String namespaceParameter, CancellationToken cancellationToken)+MoveNext() in /_/src/Aspire.Hosting/Dcp/KubernetesService.cs:line 298
D | AspireRun            |          at Aspire.Hosting.Dcp.KubernetesService.WatchAsync[T](String namespaceParameter, CancellationToken cancellationToken)+MoveNext() in /_/src/Aspire.Hosting/Dcp/KubernetesService.cs:line 298
D | AspireRun            |          at Aspire.Hosting.Dcp.KubernetesService.WatchAsync[T](String namespaceParameter, CancellationToken cancellationToken)+System.Threading.Tasks.Sources.IValueTaskSource<System.Boolean>.GetResult()
D | AspireRun            |          at Aspire.Hosting.Dcp.DcpExecutor.<>c__DisplayClass47_1`1.<<WatchResourceChanges>b__15>d.MoveNext() in /_/src/Aspire.Hosting/Dcp/DcpExecutor.cs:line 392
D | AspireRun            |       --- End of stack trace from previous location ---
D | AspireRun            |          at Aspire.Hosting.Dcp.DcpExecutor.<>c__DisplayClass47_1`1.<<WatchResourceChanges>b__15>d.MoveNext() in /_/src/Aspire.Hosting/Dcp/DcpExecutor.cs:line 392
D | AspireRun            |       --- End of stack trace from previous location ---
D | AspireRun            |          at Polly.ResiliencePipeline.<>c.<<ExecuteAsync>b__3_0>d.MoveNext()
D | AspireRun            |       --- End of stack trace from previous location ---
D | AspireRun            |          at Polly.Outcome`1.GetResultOrRethrow()
D | AspireRun            |          at Polly.ResiliencePipeline.ExecuteAsync(Func`2 callback, CancellationToken cancellationToken)
D | AspireRun            |          at Aspire.Hosting.Dcp.DcpExecutor.<>c__DisplayClass47_0.<<WatchResourceChanges>g__WatchKubernetesResourceAsync|3>d`1.MoveNext() in /_/src/Aspire.Hosting/Dcp/DcpExecutor.cs:line 390
D | AspireRun            | crit: Aspire.Hosting.Dcp.DcpExecutor[0]
D | AspireRun            |       Watch task over Kubernetes Executable resources terminated unexpectedly.
D | AspireRun            |       System.Net.Http.HttpRequestException: Сделана попытка доступа к сокету методом, запрещенным правами доступа. ([::1]:50933)
D | AspireRun            |        ---> System.Net.Sockets.SocketException (10013): Сделана попытка доступа к сокету методом, запрещенным правами доступа.
D | AspireRun            |          at System.Net.Sockets.Socket.AwaitableSocketAsyncEventArgs.ThrowException(SocketError error, CancellationToken cancellationToken)
D | AspireRun            |          at System.Net.Sockets.Socket.AwaitableSocketAsyncEventArgs.System.Threading.Tasks.Sources.IValueTaskSource.GetResult(Int16 token)
D | AspireRun            |          at System.Net.Http.HttpConnectionPool.ConnectToTcpHostAsync(String host, Int32 port, HttpRequestMessage initialRequest, Boolean async, CancellationToken cancellationToken)
D | AspireRun            |          --- End of inner exception stack trace ---
D | AspireRun            |          at System.Net.Http.HttpConnectionPool.ConnectToTcpHostAsync(String host, Int32 port, HttpRequestMessage initialRequest, Boolean async, CancellationToken cancellationToken)
D | AspireRun            |          at System.Net.Http.HttpConnectionPool.ConnectAsync(HttpRequestMessage request, Boolean async, CancellationToken cancellationToken)
D | AspireRun            |          at System.Net.Http.HttpConnectionPool.InjectNewHttp2ConnectionAsync(QueueItem queueItem)
D | AspireRun            |          at System.Threading.Tasks.TaskCompletionSourceWithCancellation`1.WaitWithCancellationAsync(CancellationToken cancellationToken)
D | AspireRun            |          at System.Net.Http.HttpConnectionPool.SendWithVersionDetectionAndRetryAsync(HttpRequestMessage request, Boolean async, Boolean doRequestAuth, CancellationToken cancellationToken)
D | AspireRun            |          at System.Net.Http.RedirectHandler.SendAsync(HttpRequestMessage request, Boolean async, CancellationToken cancellationToken)
D | AspireRun            |          at System.Net.Http.SocketsHttpHandler.<SendAsync>g__CreateHandlerAndSendAsync|115_0(HttpRequestMessage request, CancellationToken cancellationToken)
D | AspireRun            |          at System.Net.Http.HttpClient.<SendAsync>g__Core|83_0(HttpRequestMessage request, HttpCompletionOption completionOption, CancellationTokenSource cts, Boolean disposeCts, CancellationTokenSource pendingRequestsCts, CancellationToken originalCancellationToken)
D | AspireRun            |          at k8s.Kubernetes.SendRequestRaw(String requestContent, HttpRequestMessage httpRequest, CancellationToken cancellationToken)
D | AspireRun            |          at k8s.AbstractKubernetes.ICustomObjectsOperations_ListClusterCustomObjectWithHttpMessagesAsync[T](String group, String version, String plural, Nullable`1 allowWatchBookmarks, String continueParameter, String fieldSelector, String labelSelector, Nullable`1 limit, String resourceVersion, String resourceVersionMatch, Nullable`1 timeoutSeconds, Nullable`1 watch, Nullable`1 pretty, IReadOnlyDictionary`2 customHeaders, CancellationToken cancellationToken)
D | AspireRun            |          at k8s.AbstractKubernetes.k8s.ICustomObjectsOperations.ListClusterCustomObjectWithHttpMessagesAsync(String group, String version, String plural, Nullable`1 allowWatchBookmarks, String continueParameter, String fieldSelector, String labelSelector, Nullable`1 limit, String resourceVersion, String resourceVersionMatch, Nullable`1 timeoutSeconds, Nullable`1 watch, Nullable`1 pretty, IReadOnlyDictionary`2 customHeaders, CancellationToken cancellationToken)
D | AspireRun            |          at k8s.WatcherExt.<>c__DisplayClass1_0`2.<<MakeStreamReaderCreator>b__0>d.MoveNext()
D | AspireRun            |       --- End of stack trace from previous location ---
D | AspireRun            |          at k8s.Watcher`1.<>c.<CreateWatchEventEnumerator>b__21_1[TR](Task`1 t)
D | AspireRun            |          at System.Threading.Tasks.ContinuationResultTaskFromResultTask`2.InnerInvoke()
D | AspireRun            |          at System.Threading.ExecutionContext.RunFromThreadPoolDispatchLoop(Thread threadPoolThread, ExecutionContext executionContext, ContextCallback callback, Object state)
D | AspireRun            |       --- End of stack trace from previous location ---
D | AspireRun            |          at System.Threading.ExecutionContext.RunFromThreadPoolDispatchLoop(Thread threadPoolThread, ExecutionContext executionContext, ContextCallback callback, Object state)
D | AspireRun            |          at System.Threading.Tasks.Task.ExecuteWithThreadLocal(Task& currentTaskSlot, Thread threadPoolThread)
D | AspireRun            |       --- End of stack trace from previous location ---
D | AspireRun            |          at k8s.Watcher`1.CreateWatchEventEnumerator(Func`1 streamReaderCreator, Action`1 onError, CancellationToken cancellationToken)+MoveNext()
D | AspireRun            |          at k8s.Watcher`1.CreateWatchEventEnumerator(Func`1 streamReaderCreator, Action`1 onError, CancellationToken cancellationToken)+System.Threading.Tasks.Sources.IValueTaskSource<System.Boolean>.GetResult()
D | AspireRun            |          at Aspire.Hosting.Utils.PeriodicRestartAsyncEnumerable.CreateAsync[T](Func`3 enumerableFactory, TimeSpan restartInterval, CancellationToken cancellationToken)+MoveNext() in /_/src/Aspire.Hosting/Utils/PeriodicRestartAsyncEnumerable.cs:line 39
D | AspireRun            |          at Aspire.Hosting.Utils.PeriodicRestartAsyncEnumerable.CreateAsync[T](Func`3 enumerableFactory, TimeSpan restartInterval, CancellationToken cancellationToken)+MoveNext() in /_/src/Aspire.Hosting/Utils/PeriodicRestartAsyncEnumerable.cs:line 59
D | AspireRun            |          at Aspire.Hosting.Utils.PeriodicRestartAsyncEnumerable.CreateAsync[T](Func`3 enumerableFactory, TimeSpan restartInterval, CancellationToken cancellationToken)+System.Threading.Tasks.Sources.IValueTaskSource<System.Boolean>.GetResult()
D | AspireRun            |          at Aspire.Hosting.Dcp.KubernetesService.WatchAsync[T](String namespaceParameter, CancellationToken cancellationToken)+MoveNext() in /_/src/Aspire.Hosting/Dcp/KubernetesService.cs:line 298
D | AspireRun            |          at Aspire.Hosting.Dcp.KubernetesService.WatchAsync[T](String namespaceParameter, CancellationToken cancellationToken)+MoveNext() in /_/src/Aspire.Hosting/Dcp/KubernetesService.cs:line 298
D | AspireRun            |          at Aspire.Hosting.Dcp.KubernetesService.WatchAsync[T](String namespaceParameter, CancellationToken cancellationToken)+System.Threading.Tasks.Sources.IValueTaskSource<System.Boolean>.GetResult()
D | AspireRun            |          at Aspire.Hosting.Dcp.DcpExecutor.<>c__DisplayClass47_1`1.<<WatchResourceChanges>b__15>d.MoveNext() in /_/src/Aspire.Hosting/Dcp/DcpExecutor.cs:line 392
D | AspireRun            |       --- End of stack trace from previous location ---
D | AspireRun            |          at Aspire.Hosting.Dcp.DcpExecutor.<>c__DisplayClass47_1`1.<<WatchResourceChanges>b__15>d.MoveNext() in /_/src/Aspire.Hosting/Dcp/DcpExecutor.cs:line 392
D | AspireRun            |       --- End of stack trace from previous location ---
D | AspireRun            |          at Polly.ResiliencePipeline.<>c.<<ExecuteAsync>b__3_0>d.MoveNext()
D | AspireRun            |       --- End of stack trace from previous location ---
D | AspireRun            |          at Polly.Outcome`1.GetResultOrRethrow()
D | AspireRun            |          at Polly.ResiliencePipeline.ExecuteAsync(Func`2 callback, CancellationToken cancellationToken)
D | AspireRun            |          at Aspire.Hosting.Dcp.DcpExecutor.<>c__DisplayClass47_0.<<WatchResourceChanges>g__WatchKubernetesResourceAsync|3>d`1.MoveNext() in /_/src/Aspire.Hosting/Dcp/DcpExecutor.cs:line 390
D | AspireRun            | crit: Aspire.Hosting.Dcp.DcpExecutor[0]
D | AspireRun            |       Watch task over Kubernetes Endpoint resources terminated unexpectedly.
D | AspireRun            |       System.Net.Http.HttpRequestException: Сделана попытка доступа к сокету методом, запрещенным правами доступа. ([::1]:50933)
D | AspireRun            |        ---> System.Net.Sockets.SocketException (10013): Сделана попытка доступа к сокету методом, запрещенным правами доступа.
D | AspireRun            |          at System.Net.Sockets.Socket.AwaitableSocketAsyncEventArgs.ThrowException(SocketError error, CancellationToken cancellationToken)
D | AspireRun            |          at System.Net.Sockets.Socket.AwaitableSocketAsyncEventArgs.System.Threading.Tasks.Sources.IValueTaskSource.GetResult(Int16 token)
D | AspireRun            |          at System.Net.Http.HttpConnectionPool.ConnectToTcpHostAsync(String host, Int32 port, HttpRequestMessage initialRequest, Boolean async, CancellationToken cancellationToken)
D | AspireRun            |          --- End of inner exception stack trace ---
D | AspireRun            |          at System.Net.Http.HttpConnectionPool.ConnectToTcpHostAsync(String host, Int32 port, HttpRequestMessage initialRequest, Boolean async, CancellationToken cancellationToken)
D | AspireRun            |          at System.Net.Http.HttpConnectionPool.ConnectAsync(HttpRequestMessage request, Boolean async, CancellationToken cancellationToken)
D | AspireRun            |          at System.Net.Http.HttpConnectionPool.InjectNewHttp2ConnectionAsync(QueueItem queueItem)
D | AspireRun            |          at System.Threading.Tasks.TaskCompletionSourceWithCancellation`1.WaitWithCancellationAsync(CancellationToken cancellationToken)
D | AspireRun            |          at System.Net.Http.HttpConnectionPool.SendWithVersionDetectionAndRetryAsync(HttpRequestMessage request, Boolean async, Boolean doRequestAuth, CancellationToken cancellationToken)
D | AspireRun            |          at System.Net.Http.RedirectHandler.SendAsync(HttpRequestMessage request, Boolean async, CancellationToken cancellationToken)
D | AspireRun            |          at System.Net.Http.SocketsHttpHandler.<SendAsync>g__CreateHandlerAndSendAsync|115_0(HttpRequestMessage request, CancellationToken cancellationToken)
D | AspireRun            |          at System.Net.Http.HttpClient.<SendAsync>g__Core|83_0(HttpRequestMessage request, HttpCompletionOption completionOption, CancellationTokenSource cts, Boolean disposeCts, CancellationTokenSource pendingRequestsCts, CancellationToken originalCancellationToken)
D | AspireRun            |          at k8s.Kubernetes.SendRequestRaw(String requestContent, HttpRequestMessage httpRequest, CancellationToken cancellationToken)
D | AspireRun            |          at k8s.AbstractKubernetes.ICustomObjectsOperations_ListClusterCustomObjectWithHttpMessagesAsync[T](String group, String version, String plural, Nullable`1 allowWatchBookmarks, String continueParameter, String fieldSelector, String labelSelector, Nullable`1 limit, String resourceVersion, String resourceVersionMatch, Nullable`1 timeoutSeconds, Nullable`1 watch, Nullable`1 pretty, IReadOnlyDictionary`2 customHeaders, CancellationToken cancellationToken)
D | AspireRun            |          at k8s.AbstractKubernetes.k8s.ICustomObjectsOperations.ListClusterCustomObjectWithHttpMessagesAsync(String group, String version, String plural, Nullable`1 allowWatchBookmarks, String continueParameter, String fieldSelector, String labelSelector, Nullable`1 limit, String resourceVersion, String resourceVersionMatch, Nullable`1 timeoutSeconds, Nullable`1 watch, Nullable`1 pretty, IReadOnlyDictionary`2 customHeaders, CancellationToken cancellationToken)
D | AspireRun            |          at k8s.WatcherExt.<>c__DisplayClass1_0`2.<<MakeStreamReaderCreator>b__0>d.MoveNext()
D | AspireRun            |       --- End of stack trace from previous location ---
D | AspireRun            |          at k8s.Watcher`1.<>c.<CreateWatchEventEnumerator>b__21_1[TR](Task`1 t)
D | AspireRun            |          at System.Threading.Tasks.ContinuationResultTaskFromResultTask`2.InnerInvoke()
D | AspireRun            |          at System.Threading.ExecutionContext.RunFromThreadPoolDispatchLoop(Thread threadPoolThread, ExecutionContext executionContext, ContextCallback callback, Object state)
D | AspireRun            |       --- End of stack trace from previous location ---
D | AspireRun            |          at System.Threading.ExecutionContext.RunFromThreadPoolDispatchLoop(Thread threadPoolThread, ExecutionContext executionContext, ContextCallback callback, Object state)
D | AspireRun            |          at System.Threading.Tasks.Task.ExecuteWithThreadLocal(Task& currentTaskSlot, Thread threadPoolThread)
D | AspireRun            |       --- End of stack trace from previous location ---
D | AspireRun            |          at k8s.Watcher`1.CreateWatchEventEnumerator(Func`1 streamReaderCreator, Action`1 onError, CancellationToken cancellationToken)+MoveNext()
D | AspireRun            |          at k8s.Watcher`1.CreateWatchEventEnumerator(Func`1 streamReaderCreator, Action`1 onError, CancellationToken cancellationToken)+System.Threading.Tasks.Sources.IValueTaskSource<System.Boolean>.GetResult()
D | AspireRun            |          at Aspire.Hosting.Utils.PeriodicRestartAsyncEnumerable.CreateAsync[T](Func`3 enumerableFactory, TimeSpan restartInterval, CancellationToken cancellationToken)+MoveNext() in /_/src/Aspire.Hosting/Utils/PeriodicRestartAsyncEnumerable.cs:line 39
D | AspireRun            |          at Aspire.Hosting.Utils.PeriodicRestartAsyncEnumerable.CreateAsync[T](Func`3 enumerableFactory, TimeSpan restartInterval, CancellationToken cancellationToken)+MoveNext() in /_/src/Aspire.Hosting/Utils/PeriodicRestartAsyncEnumerable.cs:line 59
D | AspireRun            |          at Aspire.Hosting.Utils.PeriodicRestartAsyncEnumerable.CreateAsync[T](Func`3 enumerableFactory, TimeSpan restartInterval, CancellationToken cancellationToken)+System.Threading.Tasks.Sources.IValueTaskSource<System.Boolean>.GetResult()
D | AspireRun            |          at Aspire.Hosting.Dcp.KubernetesService.WatchAsync[T](String namespaceParameter, CancellationToken cancellationToken)+MoveNext() in /_/src/Aspire.Hosting/Dcp/KubernetesService.cs:line 298
D | AspireRun            |          at Aspire.Hosting.Dcp.KubernetesService.WatchAsync[T](String namespaceParameter, CancellationToken cancellationToken)+MoveNext() in /_/src/Aspire.Hosting/Dcp/KubernetesService.cs:line 298
D | AspireRun            |          at Aspire.Hosting.Dcp.KubernetesService.WatchAsync[T](String namespaceParameter, CancellationToken cancellationToken)+System.Threading.Tasks.Sources.IValueTaskSource<System.Boolean>.GetResult()
D | AspireRun            |          at Aspire.Hosting.Dcp.DcpExecutor.<>c__DisplayClass47_1`1.<<WatchResourceChanges>b__15>d.MoveNext() in /_/src/Aspire.Hosting/Dcp/DcpExecutor.cs:line 392
D | AspireRun            |       --- End of stack trace from previous location ---
D | AspireRun            |          at Aspire.Hosting.Dcp.DcpExecutor.<>c__DisplayClass47_1`1.<<WatchResourceChanges>b__15>d.MoveNext() in /_/src/Aspire.Hosting/Dcp/DcpExecutor.cs:line 392
D | AspireRun            |       --- End of stack trace from previous location ---
D | AspireRun            |          at Polly.ResiliencePipeline.<>c.<<ExecuteAsync>b__3_0>d.MoveNext()
D | AspireRun            |       --- End of stack trace from previous location ---
D | AspireRun            |          at Polly.Outcome`1.GetResultOrRethrow()
D | AspireRun            |          at Polly.ResiliencePipeline.ExecuteAsync(Func`2 callback, CancellationToken cancellationToken)
D | AspireRun            |          at Aspire.Hosting.Dcp.DcpExecutor.<>c__DisplayClass47_0.<<WatchResourceChanges>g__WatchKubernetesResourceAsync|3>d`1.MoveNext() in /_/src/Aspire.Hosting/Dcp/DcpExecutor.cs:line 390
D | AspireRun            | crit: Aspire.Hosting.Dcp.DcpExecutor[0]
D | AspireRun            |       Watch task over Kubernetes ContainerExec resources terminated unexpectedly.
D | AspireRun            |       System.Net.Http.HttpRequestException: Сделана попытка доступа к сокету методом, запрещенным правами доступа. ([::1]:50933)
D | AspireRun            |        ---> System.Net.Sockets.SocketException (10013): Сделана попытка доступа к сокету методом, запрещенным правами доступа.
D | AspireRun            |          at System.Net.Sockets.Socket.AwaitableSocketAsyncEventArgs.ThrowException(SocketError error, CancellationToken cancellationToken)
D | AspireRun            |          at System.Net.Sockets.Socket.AwaitableSocketAsyncEventArgs.System.Threading.Tasks.Sources.IValueTaskSource.GetResult(Int16 token)
D | AspireRun            |          at System.Net.Http.HttpConnectionPool.ConnectToTcpHostAsync(String host, Int32 port, HttpRequestMessage initialRequest, Boolean async, CancellationToken cancellationToken)
D | AspireRun            |          --- End of inner exception stack trace ---
D | AspireRun            |          at System.Net.Http.HttpConnectionPool.ConnectToTcpHostAsync(String host, Int32 port, HttpRequestMessage initialRequest, Boolean async, CancellationToken cancellationToken)
D | AspireRun            |          at System.Net.Http.HttpConnectionPool.ConnectAsync(HttpRequestMessage request, Boolean async, CancellationToken cancellationToken)
D | AspireRun            |          at System.Net.Http.HttpConnectionPool.InjectNewHttp2ConnectionAsync(QueueItem queueItem)
D | AspireRun            |          at System.Threading.Tasks.TaskCompletionSourceWithCancellation`1.WaitWithCancellationAsync(CancellationToken cancellationToken)
D | AspireRun            |          at System.Net.Http.HttpConnectionPool.SendWithVersionDetectionAndRetryAsync(HttpRequestMessage request, Boolean async, Boolean doRequestAuth, CancellationToken cancellationToken)
D | AspireRun            |          at System.Net.Http.RedirectHandler.SendAsync(HttpRequestMessage request, Boolean async, CancellationToken cancellationToken)
D | AspireRun            |          at System.Net.Http.SocketsHttpHandler.<SendAsync>g__CreateHandlerAndSendAsync|115_0(HttpRequestMessage request, CancellationToken cancellationToken)
D | AspireRun            |          at System.Net.Http.HttpClient.<SendAsync>g__Core|83_0(HttpRequestMessage request, HttpCompletionOption completionOption, CancellationTokenSource cts, Boolean disposeCts, CancellationTokenSource pendingRequestsCts, CancellationToken originalCancellationToken)
D | AspireRun            |          at k8s.Kubernetes.SendRequestRaw(String requestContent, HttpRequestMessage httpRequest, CancellationToken cancellationToken)
D | AspireRun            |          at k8s.AbstractKubernetes.ICustomObjectsOperations_ListClusterCustomObjectWithHttpMessagesAsync[T](String group, String version, String plural, Nullable`1 allowWatchBookmarks, String continueParameter, String fieldSelector, String labelSelector, Nullable`1 limit, String resourceVersion, String resourceVersionMatch, Nullable`1 timeoutSeconds, Nullable`1 watch, Nullable`1 pretty, IReadOnlyDictionary`2 customHeaders, CancellationToken cancellationToken)
D | AspireRun            |          at k8s.AbstractKubernetes.k8s.ICustomObjectsOperations.ListClusterCustomObjectWithHttpMessagesAsync(String group, String version, String plural, Nullable`1 allowWatchBookmarks, String continueParameter, String fieldSelector, String labelSelector, Nullable`1 limit, String resourceVersion, String resourceVersionMatch, Nullable`1 timeoutSeconds, Nullable`1 watch, Nullable`1 pretty, IReadOnlyDictionary`2 customHeaders, CancellationToken cancellationToken)
D | AspireRun            |          at k8s.WatcherExt.<>c__DisplayClass1_0`2.<<MakeStreamReaderCreator>b__0>d.MoveNext()
D | AspireRun            |       --- End of stack trace from previous location ---
D | AspireRun            |          at k8s.Watcher`1.<>c.<CreateWatchEventEnumerator>b__21_1[TR](Task`1 t)
D | AspireRun            |          at System.Threading.Tasks.ContinuationResultTaskFromResultTask`2.InnerInvoke()
D | AspireRun            |          at System.Threading.ExecutionContext.RunFromThreadPoolDispatchLoop(Thread threadPoolThread, ExecutionContext executionContext, ContextCallback callback, Object state)
D | AspireRun            |       --- End of stack trace from previous location ---
D | AspireRun            |          at System.Threading.ExecutionContext.RunFromThreadPoolDispatchLoop(Thread threadPoolThread, ExecutionContext executionContext, ContextCallback callback, Object state)
D | AspireRun            |          at System.Threading.Tasks.Task.ExecuteWithThreadLocal(Task& currentTaskSlot, Thread threadPoolThread)
D | AspireRun            |       --- End of stack trace from previous location ---
D | AspireRun            |          at k8s.Watcher`1.CreateWatchEventEnumerator(Func`1 streamReaderCreator, Action`1 onError, CancellationToken cancellationToken)+MoveNext()
D | AspireRun            |          at k8s.Watcher`1.CreateWatchEventEnumerator(Func`1 streamReaderCreator, Action`1 onError, CancellationToken cancellationToken)+System.Threading.Tasks.Sources.IValueTaskSource<System.Boolean>.GetResult()
D | AspireRun            |          at Aspire.Hosting.Utils.PeriodicRestartAsyncEnumerable.CreateAsync[T](Func`3 enumerableFactory, TimeSpan restartInterval, CancellationToken cancellationToken)+MoveNext() in /_/src/Aspire.Hosting/Utils/PeriodicRestartAsyncEnumerable.cs:line 39
D | AspireRun            |          at Aspire.Hosting.Utils.PeriodicRestartAsyncEnumerable.CreateAsync[T](Func`3 enumerableFactory, TimeSpan restartInterval, CancellationToken cancellationToken)+MoveNext() in /_/src/Aspire.Hosting/Utils/PeriodicRestartAsyncEnumerable.cs:line 59
D | AspireRun            |          at Aspire.Hosting.Utils.PeriodicRestartAsyncEnumerable.CreateAsync[T](Func`3 enumerableFactory, TimeSpan restartInterval, CancellationToken cancellationToken)+System.Threading.Tasks.Sources.IValueTaskSource<System.Boolean>.GetResult()
D | AspireRun            |          at Aspire.Hosting.Dcp.KubernetesService.WatchAsync[T](String namespaceParameter, CancellationToken cancellationToken)+MoveNext() in /_/src/Aspire.Hosting/Dcp/KubernetesService.cs:line 298
D | AspireRun            |          at Aspire.Hosting.Dcp.KubernetesService.WatchAsync[T](String namespaceParameter, CancellationToken cancellationToken)+MoveNext() in /_/src/Aspire.Hosting/Dcp/KubernetesService.cs:line 298
D | AspireRun            |          at Aspire.Hosting.Dcp.KubernetesService.WatchAsync[T](String namespaceParameter, CancellationToken cancellationToken)+System.Threading.Tasks.Sources.IValueTaskSource<System.Boolean>.GetResult()
D | AspireRun            |          at Aspire.Hosting.Dcp.DcpExecutor.<>c__DisplayClass47_1`1.<<WatchResourceChanges>b__15>d.MoveNext() in /_/src/Aspire.Hosting/Dcp/DcpExecutor.cs:line 392
D | AspireRun            |       --- End of stack trace from previous location ---
D | AspireRun            |          at Aspire.Hosting.Dcp.DcpExecutor.<>c__DisplayClass47_1`1.<<WatchResourceChanges>b__15>d.MoveNext() in /_/src/Aspire.Hosting/Dcp/DcpExecutor.cs:line 392
D | AspireRun            |       --- End of stack trace from previous location ---
D | AspireRun            |          at Polly.ResiliencePipeline.<>c.<<ExecuteAsync>b__3_0>d.MoveNext()
D | AspireRun            |       --- End of stack trace from previous location ---
D | AspireRun            |          at Polly.Outcome`1.GetResultOrRethrow()
D | AspireRun            |          at Polly.ResiliencePipeline.ExecuteAsync(Func`2 callback, CancellationToken cancellationToken)
D | AspireRun            |          at Aspire.Hosting.Dcp.DcpExecutor.<>c__DisplayClass47_0.<<WatchResourceChanges>g__WatchKubernetesResourceAsync|3>d`1.MoveNext() in /_/src/Aspire.Hosting/Dcp/DcpExecutor.cs:line 390
D | AspireRun            | crit: Aspire.Hosting.Dcp.DcpExecutor[0]
D | AspireRun            |       Watch task over Kubernetes Service resources terminated unexpectedly.
D | AspireRun            |       System.Net.Http.HttpRequestException: Сделана попытка доступа к сокету методом, запрещенным правами доступа. ([::1]:50933)
D | AspireRun            |        ---> System.Net.Sockets.SocketException (10013): Сделана попытка доступа к сокету методом, запрещенным правами доступа.
D | AspireRun            |          at System.Net.Sockets.Socket.AwaitableSocketAsyncEventArgs.ThrowException(SocketError error, CancellationToken cancellationToken)
D | AspireRun            |          at System.Net.Sockets.Socket.AwaitableSocketAsyncEventArgs.System.Threading.Tasks.Sources.IValueTaskSource.GetResult(Int16 token)
D | AspireRun            |          at System.Net.Http.HttpConnectionPool.ConnectToTcpHostAsync(String host, Int32 port, HttpRequestMessage initialRequest, Boolean async, CancellationToken cancellationToken)
D | AspireRun            |          --- End of inner exception stack trace ---
D | AspireRun            |          at System.Net.Http.HttpConnectionPool.ConnectToTcpHostAsync(String host, Int32 port, HttpRequestMessage initialRequest, Boolean async, CancellationToken cancellationToken)
D | AspireRun            |          at System.Net.Http.HttpConnectionPool.ConnectAsync(HttpRequestMessage request, Boolean async, CancellationToken cancellationToken)
D | AspireRun            |          at System.Net.Http.HttpConnectionPool.InjectNewHttp2ConnectionAsync(QueueItem queueItem)
D | AspireRun            |          at System.Threading.Tasks.TaskCompletionSourceWithCancellation`1.WaitWithCancellationAsync(CancellationToken cancellationToken)
D | AspireRun            |          at System.Net.Http.HttpConnectionPool.SendWithVersionDetectionAndRetryAsync(HttpRequestMessage request, Boolean async, Boolean doRequestAuth, CancellationToken cancellationToken)
D | AspireRun            |          at System.Net.Http.RedirectHandler.SendAsync(HttpRequestMessage request, Boolean async, CancellationToken cancellationToken)
D | AspireRun            |          at System.Net.Http.SocketsHttpHandler.<SendAsync>g__CreateHandlerAndSendAsync|115_0(HttpRequestMessage request, CancellationToken cancellationToken)
D | AspireRun            |          at System.Net.Http.HttpClient.<SendAsync>g__Core|83_0(HttpRequestMessage request, HttpCompletionOption completionOption, CancellationTokenSource cts, Boolean disposeCts, CancellationTokenSource pendingRequestsCts, CancellationToken originalCancellationToken)
D | AspireRun            |          at k8s.Kubernetes.SendRequestRaw(String requestContent, HttpRequestMessage httpRequest, CancellationToken cancellationToken)
D | AspireRun            |          at k8s.AbstractKubernetes.ICustomObjectsOperations_ListClusterCustomObjectWithHttpMessagesAsync[T](String group, String version, String plural, Nullable`1 allowWatchBookmarks, String continueParameter, String fieldSelector, String labelSelector, Nullable`1 limit, String resourceVersion, String resourceVersionMatch, Nullable`1 timeoutSeconds, Nullable`1 watch, Nullable`1 pretty, IReadOnlyDictionary`2 customHeaders, CancellationToken cancellationToken)
D | AspireRun            |          at k8s.AbstractKubernetes.k8s.ICustomObjectsOperations.ListClusterCustomObjectWithHttpMessagesAsync(String group, String version, String plural, Nullable`1 allowWatchBookmarks, String continueParameter, String fieldSelector, String labelSelector, Nullable`1 limit, String resourceVersion, String resourceVersionMatch, Nullable`1 timeoutSeconds, Nullable`1 watch, Nullable`1 pretty, IReadOnlyDictionary`2 customHeaders, CancellationToken cancellationToken)
D | AspireRun            |          at k8s.WatcherExt.<>c__DisplayClass1_0`2.<<MakeStreamReaderCreator>b__0>d.MoveNext()
D | AspireRun            |       --- End of stack trace from previous location ---
D | AspireRun            |          at k8s.Watcher`1.<>c.<CreateWatchEventEnumerator>b__21_1[TR](Task`1 t)
D | AspireRun            |          at System.Threading.Tasks.ContinuationResultTaskFromResultTask`2.InnerInvoke()
D | AspireRun            |          at System.Threading.ExecutionContext.RunFromThreadPoolDispatchLoop(Thread threadPoolThread, ExecutionContext executionContext, ContextCallback callback, Object state)
D | AspireRun            |       --- End of stack trace from previous location ---
D | AspireRun            |          at System.Threading.ExecutionContext.RunFromThreadPoolDispatchLoop(Thread threadPoolThread, ExecutionContext executionContext, ContextCallback callback, Object state)
D | AspireRun            |          at System.Threading.Tasks.Task.ExecuteWithThreadLocal(Task& currentTaskSlot, Thread threadPoolThread)
D | AspireRun            |       --- End of stack trace from previous location ---
D | AspireRun            |          at k8s.Watcher`1.CreateWatchEventEnumerator(Func`1 streamReaderCreator, Action`1 onError, CancellationToken cancellationToken)+MoveNext()
D | AspireRun            |          at k8s.Watcher`1.CreateWatchEventEnumerator(Func`1 streamReaderCreator, Action`1 onError, CancellationToken cancellationToken)+System.Threading.Tasks.Sources.IValueTaskSource<System.Boolean>.GetResult()
D | AspireRun            |          at Aspire.Hosting.Utils.PeriodicRestartAsyncEnumerable.CreateAsync[T](Func`3 enumerableFactory, TimeSpan restartInterval, CancellationToken cancellationToken)+MoveNext() in /_/src/Aspire.Hosting/Utils/PeriodicRestartAsyncEnumerable.cs:line 39
D | AspireRun            |          at Aspire.Hosting.Utils.PeriodicRestartAsyncEnumerable.CreateAsync[T](Func`3 enumerableFactory, TimeSpan restartInterval, CancellationToken cancellationToken)+MoveNext() in /_/src/Aspire.Hosting/Utils/PeriodicRestartAsyncEnumerable.cs:line 59
D | AspireRun            |          at Aspire.Hosting.Utils.PeriodicRestartAsyncEnumerable.CreateAsync[T](Func`3 enumerableFactory, TimeSpan restartInterval, CancellationToken cancellationToken)+System.Threading.Tasks.Sources.IValueTaskSource<System.Boolean>.GetResult()
D | AspireRun            |          at Aspire.Hosting.Dcp.KubernetesService.WatchAsync[T](String namespaceParameter, CancellationToken cancellationToken)+MoveNext() in /_/src/Aspire.Hosting/Dcp/KubernetesService.cs:line 298
D | AspireRun            |          at Aspire.Hosting.Dcp.KubernetesService.WatchAsync[T](String namespaceParameter, CancellationToken cancellationToken)+MoveNext() in /_/src/Aspire.Hosting/Dcp/KubernetesService.cs:line 298
D | AspireRun            |          at Aspire.Hosting.Dcp.KubernetesService.WatchAsync[T](String namespaceParameter, CancellationToken cancellationToken)+System.Threading.Tasks.Sources.IValueTaskSource<System.Boolean>.GetResult()
D | AspireRun            |          at Aspire.Hosting.Dcp.DcpExecutor.<>c__DisplayClass47_1`1.<<WatchResourceChanges>b__15>d.MoveNext() in /_/src/Aspire.Hosting/Dcp/DcpExecutor.cs:line 392
D | AspireRun            |       --- End of stack trace from previous location ---
D | AspireRun            |          at Aspire.Hosting.Dcp.DcpExecutor.<>c__DisplayClass47_1`1.<<WatchResourceChanges>b__15>d.MoveNext() in /_/src/Aspire.Hosting/Dcp/DcpExecutor.cs:line 392
D | AspireRun            |       --- End of stack trace from previous location ---
D | AspireRun            |          at Polly.ResiliencePipeline.<>c.<<ExecuteAsync>b__3_0>d.MoveNext()
D | AspireRun            |       --- End of stack trace from previous location ---
D | AspireRun            |          at Polly.Outcome`1.GetResultOrRethrow()
D | AspireRun            |          at Polly.ResiliencePipeline.ExecuteAsync(Func`2 callback, CancellationToken cancellationToken)
D | AspireRun            |          at Aspire.Hosting.Dcp.DcpExecutor.<>c__DisplayClass47_0.<<WatchResourceChanges>g__WatchKubernetesResourceAsync|3>d`1.MoveNext() in /_/src/Aspire.Hosting/Dcp/DcpExecutor.cs:line 390
D | AspireRun            | fail: Microsoft.Extensions.Hosting.Internal.Host[11]
D | AspireRun            |       Hosting failed to start
D | AspireRun            |       Polly.Timeout.TimeoutRejectedException: The operation didn't complete within the allowed timeout of '00:00:20'.
D | AspireRun            |        ---> System.Threading.Tasks.TaskCanceledException: A task was canceled.
D | AspireRun            |          at Polly.Retry.RetryResilienceStrategy`1.ExecuteCore[TState](Func`3 callback, ResilienceContext context, TState state)
D | AspireRun            |          --- End of inner exception stack trace ---
D | AspireRun            |          at Polly.Utils.ExceptionUtilities.TrySetStackTrace[T](T exception)
D | AspireRun            |          at Polly.Timeout.TimeoutResilienceStrategy.ExecuteCore[TResult,TState](Func`3 callback, ResilienceContext context, TState state)
D | AspireRun            |          at System.Runtime.CompilerServices.AsyncTaskMethodBuilder`1.AsyncStateMachineBox`1.ExecutionContextCallback(Object s)
D | AspireRun            |          at System.Threading.ExecutionContext.RunInternal(ExecutionContext executionContext, ContextCallback callback, Object state)
D | AspireRun            |          at System.Runtime.CompilerServices.AsyncTaskMethodBuilder`1.AsyncStateMachineBox`1.MoveNext(Thread threadPoolThread)
D | AspireRun            |          at System.Runtime.CompilerServices.AsyncTaskMethodBuilder`1.AsyncStateMachineBox`1.MoveNext()
D | AspireRun            |          at System.Threading.Tasks.AwaitTaskContinuation.RunOrScheduleAction(IAsyncStateMachineBox box, Boolean allowInlining)
D | AspireRun            |          at System.Threading.Tasks.Task.RunContinuations(Object continuationObject)
D | AspireRun            |          at System.Threading.Tasks.Task`1.TrySetResult(TResult result)
D | AspireRun            |          at System.Runtime.CompilerServices.AsyncTaskMethodBuilder`1.SetExistingTaskResult(Task`1 task, TResult result)
D | AspireRun            |          at System.Runtime.CompilerServices.AsyncValueTaskMethodBuilder`1.SetResult(TResult result)
D | AspireRun            |          at Polly.Utils.Pipeline.BridgeComponent`1.<ExecuteCore>g__ConvertValueTaskAsync|4_0[TResult,TState](ValueTask`1 valueTask, ResilienceContext resilienceContext)
D | AspireRun            |          at System.Runtime.CompilerServices.AsyncTaskMethodBuilder`1.AsyncStateMachineBox`1.ExecutionContextCallback(Object s)
D | AspireRun            |          at System.Threading.ExecutionContext.RunInternal(ExecutionContext executionContext, ContextCallback callback, Object state)
D | AspireRun            |          at System.Runtime.CompilerServices.AsyncTaskMethodBuilder`1.AsyncStateMachineBox`1.MoveNext(Thread threadPoolThread)
D | AspireRun            |          at System.Runtime.CompilerServices.AsyncTaskMethodBuilder`1.AsyncStateMachineBox`1.MoveNext()
D | AspireRun            |          at System.Threading.Tasks.AwaitTaskContinuation.RunOrScheduleAction(IAsyncStateMachineBox box, Boolean allowInlining)
D | AspireRun            |          at System.Threading.Tasks.Task.RunContinuations(Object continuationObject)
D | AspireRun            |          at System.Threading.Tasks.Task`1.TrySetResult(TResult result)
D | AspireRun            |          at System.Runtime.CompilerServices.AsyncTaskMethodBuilder`1.SetExistingTaskResult(Task`1 task, TResult result)
D | AspireRun            |          at Polly.Retry.RetryResilienceStrategy`1.ExecuteCore[TState](Func`3 callback, ResilienceContext context, TState state)
D | AspireRun            |          at System.Runtime.CompilerServices.AsyncTaskMethodBuilder`1.AsyncStateMachineBox`1.ExecutionContextCallback(Object s)
D | AspireRun            |          at System.Threading.ExecutionContext.RunFromThreadPoolDispatchLoop(Thread threadPoolThread, ExecutionContext executionContext, ContextCallback callback, Object state)
D | AspireRun            |          at System.Runtime.CompilerServices.AsyncTaskMethodBuilder`1.AsyncStateMachineBox`1.MoveNext(Thread threadPoolThread)
D | AspireRun            |          at System.Runtime.CompilerServices.AsyncTaskMethodBuilder`1.AsyncStateMachineBox`1.ExecuteFromThreadPool(Thread threadPoolThread)
D | AspireRun            |          at System.Threading.ThreadPoolWorkQueue.Dispatch()
D | AspireRun            |          at System.Threading.PortableThreadPool.WorkerThread.WorkerThreadStart()
D | AspireRun            |          at System.Threading.Thread.StartCallback()
D | AspireRun            |       --- End of stack trace from previous location ---
D | AspireRun            |          at Polly.Outcome`1.GetResultOrRethrow()
D | AspireRun            |          at Polly.ResiliencePipeline.ExecuteAsync[TResult](Func`2 callback, CancellationToken cancellationToken)
D | AspireRun            |          at Aspire.Hosting.Dcp.KubernetesService.ExecuteWithRetry[TResult](DcpApiOperationType operationType, String resourceType, Func`2 operation, Func`2 isRetryable, CancellationToken cancellationToken) in /_/src/Aspire.Hosting/Dcp/KubernetesService.cs:line 480
D | AspireRun            |          at Aspire.Hosting.Dcp.DcpExecutor.<>c__DisplayClass61_1`1.<<CreateAllDcpObjectsAsync>b__1>d.MoveNext() in /_/src/Aspire.Hosting/Dcp/DcpExecutor.cs:line 916
D | AspireRun            |       --- End of stack trace from previous location ---
D | AspireRun            |          at Aspire.Hosting.Dcp.DcpExecutor.CreateAllDcpObjectsAsync[RT](CancellationToken cancellationToken) in /_/src/Aspire.Hosting/Dcp/DcpExecutor.cs:line 925
D | AspireRun            |          at Aspire.Hosting.Dcp.DcpExecutor.RunApplicationAsync(CancellationToken cancellationToken) in /_/src/Aspire.Hosting/Dcp/DcpExecutor.cs:line 171
D | AspireRun            |          at Aspire.Hosting.Orchestrator.ApplicationOrchestrator.RunApplicationAsync(CancellationToken cancellationToken) in /_/src/Aspire.Hosting/Orchestrator/ApplicationOrchestrator.cs:line 453
D | AspireRun            |          at Aspire.Hosting.Orchestrator.OrchestratorHostService.StartAsync(CancellationToken cancellationToken) in /_/src/Aspire.Hosting/Orchestrator/OrchestratorHostService.cs:line 41
D | AspireRun            |          at Microsoft.Extensions.Hosting.Internal.Host.<StartAsync>b__14_1(IHostedService service, CancellationToken token)
D | AspireRun            |          at Microsoft.Extensions.Hosting.Internal.Host.ForeachService[T](IEnumerable`1 services, CancellationToken token, Boolean concurrent, Boolean abortOnFirstException, List`1 exceptions, Func`3 operation)
E | AspireRun            | Unhandled exception. System.AggregateException: One or more errors occurred. (The operation didn't complete within the allowed timeout of '00:00:20'.)
E | AspireRun            |  ---> Polly.Timeout.TimeoutRejectedException: The operation didn't complete within the allowed timeout of '00:00:20'.
E | AspireRun            |  ---> System.Threading.Tasks.TaskCanceledException: A task was canceled.
E | AspireRun            |    at Polly.Retry.RetryResilienceStrategy`1.ExecuteCore[TState](Func`3 callback, ResilienceContext context, TState state)
E | AspireRun            |    --- End of inner exception stack trace ---
E | AspireRun            |    at Polly.Utils.ExceptionUtilities.TrySetStackTrace[T](T exception)
E | AspireRun            |    at Polly.Timeout.TimeoutResilienceStrategy.ExecuteCore[TResult,TState](Func`3 callback, ResilienceContext context, TState state)
E | AspireRun            |    at System.Runtime.CompilerServices.AsyncTaskMethodBuilder`1.AsyncStateMachineBox`1.ExecutionContextCallback(Object s)
E | AspireRun            |    at System.Threading.ExecutionContext.RunInternal(ExecutionContext executionContext, ContextCallback callback, Object state)
E | AspireRun            |    at System.Runtime.CompilerServices.AsyncTaskMethodBuilder`1.AsyncStateMachineBox`1.MoveNext(Thread threadPoolThread)
E | AspireRun            |    at System.Runtime.CompilerServices.AsyncTaskMethodBuilder`1.AsyncStateMachineBox`1.MoveNext()
E | AspireRun            |    at System.Threading.Tasks.AwaitTaskContinuation.RunOrScheduleAction(IAsyncStateMachineBox box, Boolean allowInlining)
E | AspireRun            |    at System.Threading.Tasks.Task.RunContinuations(Object continuationObject)
E | AspireRun            |    at System.Threading.Tasks.Task`1.TrySetResult(TResult result)
E | AspireRun            |    at System.Runtime.CompilerServices.AsyncTaskMethodBuilder`1.SetExistingTaskResult(Task`1 task, TResult result)
E | AspireRun            |    at System.Runtime.CompilerServices.AsyncValueTaskMethodBuilder`1.SetResult(TResult result)
E | AspireRun            |    at Polly.Utils.Pipeline.BridgeComponent`1.<ExecuteCore>g__ConvertValueTaskAsync|4_0[TResult,TState](ValueTask`1 valueTask, ResilienceContext resilienceContext)
E | AspireRun            |    at System.Runtime.CompilerServices.AsyncTaskMethodBuilder`1.AsyncStateMachineBox`1.ExecutionContextCallback(Object s)
E | AspireRun            |    at System.Threading.ExecutionContext.RunInternal(ExecutionContext executionContext, ContextCallback callback, Object state)
E | AspireRun            |    at System.Runtime.CompilerServices.AsyncTaskMethodBuilder`1.AsyncStateMachineBox`1.MoveNext(Thread threadPoolThread)
E | AspireRun            |    at System.Runtime.CompilerServices.AsyncTaskMethodBuilder`1.AsyncStateMachineBox`1.MoveNext()
E | AspireRun            |    at System.Threading.Tasks.AwaitTaskContinuation.RunOrScheduleAction(IAsyncStateMachineBox box, Boolean allowInlining)
E | AspireRun            |    at System.Threading.Tasks.Task.RunContinuations(Object continuationObject)
E | AspireRun            |    at System.Threading.Tasks.Task`1.TrySetResult(TResult result)
E | AspireRun            |    at System.Runtime.CompilerServices.AsyncTaskMethodBuilder`1.SetExistingTaskResult(Task`1 task, TResult result)
E | AspireRun            |    at Polly.Retry.RetryResilienceStrategy`1.ExecuteCore[TState](Func`3 callback, ResilienceContext context, TState state)
E | AspireRun            |    at System.Runtime.CompilerServices.AsyncTaskMethodBuilder`1.AsyncStateMachineBox`1.ExecutionContextCallback(Object s)
E | AspireRun            |    at System.Threading.ExecutionContext.RunFromThreadPoolDispatchLoop(Thread threadPoolThread, ExecutionContext executionContext, ContextCallback callback, Object state)
E | AspireRun            |    at System.Runtime.CompilerServices.AsyncTaskMethodBuilder`1.AsyncStateMachineBox`1.MoveNext(Thread threadPoolThread)
E | AspireRun            |    at System.Runtime.CompilerServices.AsyncTaskMethodBuilder`1.AsyncStateMachineBox`1.ExecuteFromThreadPool(Thread threadPoolThread)
E | AspireRun            |    at System.Threading.ThreadPoolWorkQueue.Dispatch()
E | AspireRun            |    at System.Threading.PortableThreadPool.WorkerThread.WorkerThreadStart()
E | AspireRun            |    at System.Threading.Thread.StartCallback()
E | AspireRun            | --- End of stack trace from previous location ---
E | AspireRun            |    at Polly.Outcome`1.GetResultOrRethrow()
E | AspireRun            |    at Polly.ResiliencePipeline.ExecuteAsync[TResult](Func`2 callback, CancellationToken cancellationToken)
E | AspireRun            |    at Aspire.Hosting.Dcp.KubernetesService.ExecuteWithRetry[TResult](DcpApiOperationType operationType, String resourceType, Func`2 operation, Func`2 isRetryable, CancellationToken cancellationToken) in /_/src/Aspire.Hosting/Dcp/KubernetesService.cs:line 480
E | AspireRun            |    at Aspire.Hosting.Dcp.DcpExecutor.<>c__DisplayClass61_1`1.<<CreateAllDcpObjectsAsync>b__1>d.MoveNext() in /_/src/Aspire.Hosting/Dcp/DcpExecutor.cs:line 916
E | AspireRun            | --- End of stack trace from previous location ---
E | AspireRun            |    at Aspire.Hosting.Dcp.DcpExecutor.CreateAllDcpObjectsAsync[RT](CancellationToken cancellationToken) in /_/src/Aspire.Hosting/Dcp/DcpExecutor.cs:line 925
E | AspireRun            |    at Aspire.Hosting.Dcp.DcpExecutor.RunApplicationAsync(CancellationToken cancellationToken) in /_/src/Aspire.Hosting/Dcp/DcpExecutor.cs:line 171
E | AspireRun            |    at Aspire.Hosting.Orchestrator.ApplicationOrchestrator.RunApplicationAsync(CancellationToken cancellationToken) in /_/src/Aspire.Hosting/Orchestrator/ApplicationOrchestrator.cs:line 453
E | AspireRun            |    at Aspire.Hosting.Orchestrator.OrchestratorHostService.StartAsync(CancellationToken cancellationToken) in /_/src/Aspire.Hosting/Orchestrator/OrchestratorHostService.cs:line 41
E | AspireRun            |    at Microsoft.Extensions.Hosting.Internal.Host.<StartAsync>b__14_1(IHostedService service, CancellationToken token)
E | AspireRun            |    at Microsoft.Extensions.Hosting.Internal.Host.ForeachService[T](IEnumerable`1 services, CancellationToken token, Boolean concurrent, Boolean abortOnFirstException, List`1 exceptions, Func`3 operation)
E | AspireRun            |    at Microsoft.Extensions.Hosting.Internal.Host.StartAsync(CancellationToken cancellationToken)
E | AspireRun            |    at Microsoft.Extensions.Hosting.HostingAbstractionsHostExtensions.RunAsync(IHost host, CancellationToken token)
E | AspireRun            |    at Microsoft.Extensions.Hosting.HostingAbstractionsHostExtensions.RunAsync(IHost host, CancellationToken token)
E | AspireRun            |    at Aspire.Hosting.DistributedApplication.RunAsync(CancellationToken cancellationToken) in /_/src/Aspire.Hosting/DistributedApplication.cs:line 443
E | AspireRun            |    --- End of inner exception stack trace ---
E | AspireRun            |    at System.Threading.Tasks.Task.ThrowIfExceptional(Boolean includeTaskCanceledExceptions)
E | AspireRun            |    at System.Threading.Tasks.Task.Wait(Int32 millisecondsTimeout, CancellationToken cancellationToken)
E | AspireRun            |    at System.Threading.Tasks.Task.Wait()
E | AspireRun            |    at Aspire.Hosting.DistributedApplication.Run() in /_/src/Aspire.Hosting/DistributedApplication.cs:line 471
E | AspireRun            |    at Program.<Main>$(String[] args) in D:\dev\Code\Projects\DsF\src\AppHost\AppHost.cs:line 3
E | AspireRun            | Target AspireRun has thrown an exception
Nuke.Common.Tooling.ProcessException: Process 'dotnet.exe' exited with code -532462766.
   > "C:\Program Files\dotnet\dotnet.exe" run --project D:\dev\Code\Projects\DsF\src\AppHost\AppHost.csproj
   @ D:\dev\Code\Projects\DsF
Error output:
   Unhandled exception. System.AggregateException: One or more errors occurred. (The operation didn't complete within the allowed timeout of '00:00:20'.)
    ---> Polly.Timeout.TimeoutRejectedException: The operation didn't complete within the allowed timeout of '00:00:20'.
    ---> System.Threading.Tasks.TaskCanceledException: A task was canceled.
      at Polly.Retry.RetryResilienceStrategy`1.ExecuteCore[TState](Func`3 callback, ResilienceContext context, TState state)
      --- End of inner exception stack trace ---
      at Polly.Utils.ExceptionUtilities.TrySetStackTrace[T](T exception)
      at Polly.Timeout.TimeoutResilienceStrategy.ExecuteCore[TResult,TState](Func`3 callback, ResilienceContext context, TState state)
      at System.Runtime.CompilerServices.AsyncTaskMethodBuilder`1.AsyncStateMachineBox`1.ExecutionContextCallback(Object s)
      at System.Threading.ExecutionContext.RunInternal(ExecutionContext executionContext, ContextCallback callback, Object state)
      at System.Runtime.CompilerServices.AsyncTaskMethodBuilder`1.AsyncStateMachineBox`1.MoveNext(Thread threadPoolThread)
      at System.Runtime.CompilerServices.AsyncTaskMethodBuilder`1.AsyncStateMachineBox`1.MoveNext()
      at System.Threading.Tasks.AwaitTaskContinuation.RunOrScheduleAction(IAsyncStateMachineBox box, Boolean allowInlining)
      at System.Threading.Tasks.Task.RunContinuations(Object continuationObject)
      at System.Threading.Tasks.Task`1.TrySetResult(TResult result)
      at System.Runtime.CompilerServices.AsyncTaskMethodBuilder`1.SetExistingTaskResult(Task`1 task, TResult result)
      at System.Runtime.CompilerServices.AsyncValueTaskMethodBuilder`1.SetResult(TResult result)
      at Polly.Utils.Pipeline.BridgeComponent`1.<ExecuteCore>g__ConvertValueTaskAsync|4_0[TResult,TState](ValueTask`1 valueTask, ResilienceContext resilienceContext)
      at System.Runtime.CompilerServices.AsyncTaskMethodBuilder`1.AsyncStateMachineBox`1.ExecutionContextCallback(Object s)
      at System.Threading.ExecutionContext.RunInternal(ExecutionContext executionContext, ContextCallback callback, Object state)
      at System.Runtime.CompilerServices.AsyncTaskMethodBuilder`1.AsyncStateMachineBox`1.MoveNext(Thread threadPoolThread)
      at System.Runtime.CompilerServices.AsyncTaskMethodBuilder`1.AsyncStateMachineBox`1.MoveNext()
      at System.Threading.Tasks.AwaitTaskContinuation.RunOrScheduleAction(IAsyncStateMachineBox box, Boolean allowInlining)
      at System.Threading.Tasks.Task.RunContinuations(Object continuationObject)
      at System.Threading.Tasks.Task`1.TrySetResult(TResult result)
      at System.Runtime.CompilerServices.AsyncTaskMethodBuilder`1.SetExistingTaskResult(Task`1 task, TResult result)
      at Polly.Retry.RetryResilienceStrategy`1.ExecuteCore[TState](Func`3 callback, ResilienceContext context, TState state)
      at System.Runtime.CompilerServices.AsyncTaskMethodBuilder`1.AsyncStateMachineBox`1.ExecutionContextCallback(Object s)
      at System.Threading.ExecutionContext.RunFromThreadPoolDispatchLoop(Thread threadPoolThread, ExecutionContext executionContext, ContextCallback callback, Object state)
      at System.Runtime.CompilerServices.AsyncTaskMethodBuilder`1.AsyncStateMachineBox`1.MoveNext(Thread threadPoolThread)
      at System.Runtime.CompilerServices.AsyncTaskMethodBuilder`1.AsyncStateMachineBox`1.ExecuteFromThreadPool(Thread threadPoolThread)
      at System.Threading.ThreadPoolWorkQueue.Dispatch()
      at System.Threading.PortableThreadPool.WorkerThread.WorkerThreadStart()
      at System.Threading.Thread.StartCallback()
   --- End of stack trace from previous location ---
      at Polly.Outcome`1.GetResultOrRethrow()
      at Polly.ResiliencePipeline.ExecuteAsync[TResult](Func`2 callback, CancellationToken cancellationToken)
      at Aspire.Hosting.Dcp.KubernetesService.ExecuteWithRetry[TResult](DcpApiOperationType operationType, String resourceType, Func`2 operation, Func`2 isRetryable, CancellationToken cancellationToken) in /_/src/Aspire.Hosting/Dcp/KubernetesService.cs:line 480
      at Aspire.Hosting.Dcp.DcpExecutor.<>c__DisplayClass61_1`1.<<CreateAllDcpObjectsAsync>b__1>d.MoveNext() in /_/src/Aspire.Hosting/Dcp/DcpExecutor.cs:line 916
   --- End of stack trace from previous location ---
      at Aspire.Hosting.Dcp.DcpExecutor.CreateAllDcpObjectsAsync[RT](CancellationToken cancellationToken) in /_/src/Aspire.Hosting/Dcp/DcpExecutor.cs:line 925
      at Aspire.Hosting.Dcp.DcpExecutor.RunApplicationAsync(CancellationToken cancellationToken) in /_/src/Aspire.Hosting/Dcp/DcpExecutor.cs:line 171
      at Aspire.Hosting.Orchestrator.ApplicationOrchestrator.RunApplicationAsync(CancellationToken cancellationToken) in /_/src/Aspire.Hosting/Orchestrator/ApplicationOrchestrator.cs:line 453
      at Aspire.Hosting.Orchestrator.OrchestratorHostService.StartAsync(CancellationToken cancellationToken) in /_/src/Aspire.Hosting/Orchestrator/OrchestratorHostService.cs:line 41
      at Microsoft.Extensions.Hosting.Internal.Host.<StartAsync>b__14_1(IHostedService service, CancellationToken token)
      at Microsoft.Extensions.Hosting.Internal.Host.ForeachService[T](IEnumerable`1 services, CancellationToken token, Boolean concurrent, Boolean abortOnFirstException, List`1 exceptions, Func`3 operation)
      at Microsoft.Extensions.Hosting.Internal.Host.StartAsync(CancellationToken cancellationToken)
      at Microsoft.Extensions.Hosting.HostingAbstractionsHostExtensions.RunAsync(IHost host, CancellationToken token)
      at Microsoft.Extensions.Hosting.HostingAbstractionsHostExtensions.RunAsync(IHost host, CancellationToken token)
      at Aspire.Hosting.DistributedApplication.RunAsync(CancellationToken cancellationToken) in /_/src/Aspire.Hosting/DistributedApplication.cs:line 443
      --- End of inner exception stack trace ---
      at System.Threading.Tasks.Task.ThrowIfExceptional(Boolean includeTaskCanceledExceptions)
      at System.Threading.Tasks.Task.Wait(Int32 millisecondsTimeout, CancellationToken cancellationToken)
      at System.Threading.Tasks.Task.Wait()
      at Aspire.Hosting.DistributedApplication.Run() in /_/src/Aspire.Hosting/DistributedApplication.cs:line 471
      at Program.<Main>$(String[] args) in D:\dev\Code\Projects\DsF\src\AppHost\AppHost.cs:line 3

   at Nuke.Common.Tooling.ProcessExtensions.AssertZeroExitCode(IProcess process) in /_/source/Nuke.Tooling/ProcessExtensions.cs:line 38
   at Nuke.Common.Tooling.ToolTasks.<>c.<GetExitHandler>b__4_0(ToolOptions _, IProcess p) in /_/source/Nuke.Tooling/ToolTasks.ExitHandler.cs:line 27
   at Nuke.Common.Tooling.ToolTasks.<>c__DisplayClass8_0.<GetExitHandlerInternal>b__3(ToolOptions o, IProcess p) in /_/source/Nuke.Tooling/ToolTasks.ExitHandler.cs:line 22
   at Nuke.Common.Tooling.ToolTasks.Run[T](T options) in /_/source/Nuke.Tooling/ToolTasks.Run.cs:line 36
   at Nuke.Common.Tools.DotNet.DotNetTasks.DotNetRun(Configure`1 configurator) in /_/source/Nuke.Common/Tools/DotNet/DotNet.Generated.cs:line 41
   at Build.<get_AspireRun>b__10_1() in D:\dev\Code\Projects\DsF\build\Build.cs:line 60
   at Nuke.Common.Execution.BuildExecutor.<>c.<Execute>b__4_2(Action x) in /_/source/Nuke.Build/Execution/BuildExecutor.cs:line 120
   at System.Collections.Generic.List`1.ForEach(Action`1 action)
   at Nuke.Common.Execution.BuildExecutor.Execute(NukeBuild build, ExecutableTarget target, IReadOnlyCollection`1 previouslyExecutedTargets, Boolean failureMode) in /_/source/Nuke.Build/Execution/BuildExecutor.cs:line 120
V | AspireRun            | EventInvoker.OnTargetFailed (-3.4028235E+38)
