V |                      | ArgumentsFromParametersFile.OnBuildCreated (150)
V |                      | HandleReSharperSurrogateArguments.OnBuildCreated (150)
V |                      | InjectParameterValues.OnBuildCreated (100)
V |                      | HandleShellCompletion.OnBuildCreated (75)
V |                      | GenerateBuildServerConfigurations.OnBuildCreated (50)
V |                      | InvokeBuildServerConfigurationGeneration.OnBuildCreated (45)
V |                      | UpdateNotification.OnBuildCreated (10)
V |                      | UnsetVisualStudioEnvironmentVariables.OnBuildCreated (0)
V |                      | HandleVisualStudioDebugging.OnBuildCreated (0)
V |                      | EventInvoker.OnBuildCreated (-3.4028235E+38)
V |                      | HandlePlanRequests.OnBuildInitialized (10)
V |                      | HandleHelpRequests.OnBuildInitialized (5)
V |                      | Telemetry.OnBuildInitialized (0)
V |                      | Sending BuildStarted telemetry event ...
V |                      |   build_components         = 
V |                      |   build_type               = Project
V |                      |   compile_time             = <null>
V |                      |   config_generators        = 
V |                      |   host                     = VSCode
V |                      |   num_custom_components    = 0
V |                      |   num_custom_extensions    = 0
V |                      |   num_partitioned_targets  = 0
V |                      |   num_secrets              = 0
V |                      |   num_targets              = 6
V |                      |   os_architecture          = X64
V |                      |   os_platform              = Windows
V |                      |   repo_branch              = main
V |                      |   repo_commit              = 04df23
V |                      |   repo_provider            = <null>
V |                      |   repo_url                 = <null>
V |                      |   target_framework         = .NETCoreApp,Version=v9.0
V |                      |   version_dotnet_sdk       = 10.0.102
V |                      |   version_nuke_common      = 9.0.4
V |                      |   version_nuke_global_tool = <null>
V |                      | InjectNonParameterValues.OnBuildInitialized (-100)
V |                      | EventInvoker.OnBuildInitialized (-3.4028235E+38)
V | Restore              | EventInvoker.OnTargetRunning (-3.4028235E+38)
I | Restore              | > "C:\Program Files\dotnet\dotnet.exe" restore D:\dev\Code\Projects\DsF\dragonsforge.sln
V | Restore              | @ D:\dev\Code\Projects\DsF
D | Restore              |   Determining projects to restore...
D | Restore              |   All projects are up-to-date for restore.
V | Restore              | Telemetry.OnTargetSucceeded (0)
V | Restore              | Sending TargetSucceeded telemetry event ...
V | Restore              |   build_components         = 
V | Restore              |   build_type               = Project
V | Restore              |   compile_time             = <null>
V | Restore              |   config_generators        = 
V | Restore              |   host                     = VSCode
V | Restore              |   num_custom_components    = 0
V | Restore              |   num_custom_extensions    = 0
V | Restore              |   num_partitioned_targets  = 0
V | Restore              |   num_secrets              = 0
V | Restore              |   num_targets              = 6
V | Restore              |   os_architecture          = X64
V | Restore              |   os_platform              = Windows
V | Restore              |   repo_branch              = main
V | Restore              |   repo_commit              = 04df23
V | Restore              |   repo_provider            = <null>
V | Restore              |   repo_url                 = <null>
V | Restore              |   target_current_partition = 1
V | Restore              |   target_duration          = 2
V | Restore              |   target_framework         = .NETCoreApp,Version=v9.0
V | Restore              |   target_name              = Restore
V | Restore              |   target_total_partitions  = 1
V | Restore              |   version_dotnet_sdk       = 10.0.102
V | Restore              |   version_nuke_common      = 9.0.4
V | Restore              |   version_nuke_global_tool = <null>
V | Restore              | EventInvoker.OnTargetSucceeded (-3.4028235E+38)
V | Compile              | EventInvoker.OnTargetRunning (-3.4028235E+38)
I | Compile              | > "C:\Program Files\dotnet\dotnet.exe" build D:\dev\Code\Projects\DsF\dragonsforge.sln --configuration Debug
V | Compile              | @ D:\dev\Code\Projects\DsF
D | Compile              |   Determining projects to restore...
D | Compile              |   All projects are up-to-date for restore.
D | Compile              |   UserProfilesService.Contracts -> D:\dev\Code\Projects\DsF\src\UserProfilesService.Contracts\bin\Debug\net10.0\UserProfilesService.Contracts.dll
D | Compile              |   AppHost.ServiceDefaults -> D:\dev\Code\Projects\DsF\src\AppHost.ServiceDefaults\bin\Debug\net10.0\AppHost.ServiceDefaults.dll
E | Compile              | D:\dev\Code\Projects\DsF\src\UserProfilesService\Program.cs(4,25): error CS0234: The type or namespace name 'Models' does not exist in the namespace 'Microsoft.OpenApi' (are you missing an assembly reference?) [D:\dev\Code\Projects\DsF\src\UserProfilesService\UserProfilesService.csproj]
D | Compile              | 
D | Compile              | Build FAILED.
D | Compile              | 
E | Compile              | D:\dev\Code\Projects\DsF\src\UserProfilesService\Program.cs(4,25): error CS0234: The type or namespace name 'Models' does not exist in the namespace 'Microsoft.OpenApi' (are you missing an assembly reference?) [D:\dev\Code\Projects\DsF\src\UserProfilesService\UserProfilesService.csproj]
D | Compile              |     0 Warning(s)
D | Compile              |     1 Error(s)
D | Compile              | 
D | Compile              | Time Elapsed 00:00:02.34
E | Compile              | Target Compile has thrown an exception
Nuke.Common.Tooling.ProcessException: Process 'dotnet.exe' exited with code 1.
   > "C:\Program Files\dotnet\dotnet.exe" build D:\dev\Code\Projects\DsF\dragonsforge.sln --configuration Debug
   @ D:\dev\Code\Projects\DsF
Standard output:
     Determining projects to restore...
     All projects are up-to-date for restore.
     UserProfilesService.Contracts -> D:\dev\Code\Projects\DsF\src\UserProfilesService.Contracts\bin\Debug\net10.0\UserProfilesService.Contracts.dll
     AppHost.ServiceDefaults -> D:\dev\Code\Projects\DsF\src\AppHost.ServiceDefaults\bin\Debug\net10.0\AppHost.ServiceDefaults.dll
   D:\dev\Code\Projects\DsF\src\UserProfilesService\Program.cs(4,25): error CS0234: The type or namespace name 'Models' does not exist in the namespace 'Microsoft.OpenApi' (are you missing an assembly reference?) [D:\dev\Code\Projects\DsF\src\UserProfilesService\UserProfilesService.csproj]
   
   Build FAILED.
   
   D:\dev\Code\Projects\DsF\src\UserProfilesService\Program.cs(4,25): error CS0234: The type or namespace name 'Models' does not exist in the namespace 'Microsoft.OpenApi' (are you missing an assembly reference?) [D:\dev\Code\Projects\DsF\src\UserProfilesService\UserProfilesService.csproj]
       0 Warning(s)
       1 Error(s)
   
   Time Elapsed 00:00:02.34

   at Nuke.Common.Tooling.ProcessExtensions.AssertZeroExitCode(IProcess process) in /_/source/Nuke.Tooling/ProcessExtensions.cs:line 38
   at Nuke.Common.Tooling.ToolTasks.<>c.<GetExitHandler>b__4_0(ToolOptions _, IProcess p) in /_/source/Nuke.Tooling/ToolTasks.ExitHandler.cs:line 27
   at Nuke.Common.Tooling.ToolTasks.<>c__DisplayClass8_0.<GetExitHandlerInternal>b__3(ToolOptions o, IProcess p) in /_/source/Nuke.Tooling/ToolTasks.ExitHandler.cs:line 22
   at Nuke.Common.Tooling.ToolTasks.Run[T](T options) in /_/source/Nuke.Tooling/ToolTasks.Run.cs:line 36
   at Nuke.Common.Tools.DotNet.DotNetTasks.DotNetBuild(Configure`1 configurator) in /_/source/Nuke.Common/Tools/DotNet/DotNet.Generated.cs:line 62
   at Build.<get_Compile>b__8_1() in D:\dev\Code\Projects\DsF\build\Build.cs:line 40
   at Nuke.Common.Execution.BuildExecutor.<>c.<Execute>b__4_2(Action x) in /_/source/Nuke.Build/Execution/BuildExecutor.cs:line 120
   at System.Collections.Generic.List`1.ForEach(Action`1 action)
   at Nuke.Common.Execution.BuildExecutor.Execute(NukeBuild build, ExecutableTarget target, IReadOnlyCollection`1 previouslyExecutedTargets, Boolean failureMode) in /_/source/Nuke.Build/Execution/BuildExecutor.cs:line 120
V | Compile              | EventInvoker.OnTargetFailed (-3.4028235E+38)
