13:02:16.533 | V |                      | ArgumentsFromParametersFile.OnBuildCreated (150)
13:02:16.562 | V |                      | HandleReSharperSurrogateArguments.OnBuildCreated (150)
13:02:16.563 | V |                      | InjectParameterValues.OnBuildCreated (100)
13:02:16.595 | V |                      | HandleShellCompletion.OnBuildCreated (75)
13:02:17.019 | V |                      | GenerateBuildServerConfigurations.OnBuildCreated (50)
13:02:17.020 | V |                      | InvokeBuildServerConfigurationGeneration.OnBuildCreated (45)
13:02:18.650 | V |                      | Sending ConfigurationGenerated telemetry event ...
13:02:18.652 | V |                      |   build_components         = 
13:02:18.652 | V |                      |   build_type               = Project
13:02:18.652 | V |                      |   compile_time             = 10
13:02:18.654 | V |                      |   config_generators        = GitHubActions
13:02:18.654 | V |                      |   generator_host           = GitHubActions
13:02:18.654 | V |                      |   generator_id             = ea5c12
13:02:18.654 | V |                      |   host                     = VSCode
13:02:18.654 | V |                      |   num_custom_components    = 0
13:02:18.654 | V |                      |   num_custom_extensions    = 0
13:02:18.654 | V |                      |   num_partitioned_targets  = 0
13:02:18.654 | V |                      |   num_secrets              = 0
13:02:18.654 | V |                      |   num_targets              = 9
13:02:18.654 | V |                      |   os_architecture          = X64
13:02:18.654 | V |                      |   os_platform              = Windows
13:02:18.654 | V |                      |   repo_branch              = main
13:02:18.654 | V |                      |   repo_commit              = 0bf9e4
13:02:18.654 | V |                      |   repo_provider            = GitHub
13:02:18.654 | V |                      |   repo_url                 = ed8394
13:02:18.654 | V |                      |   target_framework         = .NETCoreApp,Version=v9.0
13:02:18.654 | V |                      |   version_dotnet_sdk       = 10.0.102
13:02:18.654 | V |                      |   version_nuke_common      = 9.0.4
13:02:18.654 | V |                      |   version_nuke_global_tool = 10.1.0
13:02:19.787 | W |                      | Configuration files for GitHubActions (Testing) have changed.
13:02:19.805 | V |                      | Updated .github\workflows\Testing.yml
13:02:22.878 | V |                      | UpdateNotification.OnBuildCreated (10)
13:02:22.878 | V |                      | UnsetVisualStudioEnvironmentVariables.OnBuildCreated (0)
13:02:22.879 | V |                      | HandleVisualStudioDebugging.OnBuildCreated (0)
13:02:22.879 | V |                      | EventInvoker.OnBuildCreated (-3.4028235E+38)
13:02:22.903 | V |                      | HandlePlanRequests.OnBuildInitialized (10)
13:02:22.903 | V |                      | HandleHelpRequests.OnBuildInitialized (5)
13:02:22.903 | V |                      | Telemetry.OnBuildInitialized (0)
13:02:23.114 | V |                      | Sending BuildStarted telemetry event ...
13:02:23.114 | V |                      |   build_components         = 
13:02:23.114 | V |                      |   build_type               = Project
13:02:23.114 | V |                      |   compile_time             = 15
13:02:23.114 | V |                      |   config_generators        = GitHubActions
13:02:23.114 | V |                      |   host                     = VSCode
13:02:23.114 | V |                      |   num_custom_components    = 0
13:02:23.114 | V |                      |   num_custom_extensions    = 0
13:02:23.114 | V |                      |   num_partitioned_targets  = 0
13:02:23.114 | V |                      |   num_secrets              = 0
13:02:23.114 | V |                      |   num_targets              = 9
13:02:23.114 | V |                      |   os_architecture          = X64
13:02:23.114 | V |                      |   os_platform              = Windows
13:02:23.114 | V |                      |   repo_branch              = main
13:02:23.114 | V |                      |   repo_commit              = 0bf9e4
13:02:23.114 | V |                      |   repo_provider            = GitHub
13:02:23.114 | V |                      |   repo_url                 = ed8394
13:02:23.114 | V |                      |   target_framework         = .NETCoreApp,Version=v9.0
13:02:23.114 | V |                      |   version_dotnet_sdk       = 10.0.102
13:02:23.115 | V |                      |   version_nuke_common      = 9.0.4
13:02:23.115 | V |                      |   version_nuke_global_tool = 10.1.0
13:02:23.231 | V |                      | InjectNonParameterValues.OnBuildInitialized (-100)
13:02:23.266 | V |                      | EventInvoker.OnBuildInitialized (-3.4028235E+38)
13:02:23.288 | V | Restore              | EventInvoker.OnTargetRunning (-3.4028235E+38)
13:02:23.343 | I | Restore              | > "C:\Program Files\dotnet\dotnet.exe" restore D:\dev\Code\Projects\DsF\dragonsforge.sln
13:02:23.347 | V | Restore              | @ D:\dev\Code\Projects\DsF
