V |                      | ArgumentsFromParametersFile.OnBuildCreated (150)
V |                      | HandleReSharperSurrogateArguments.OnBuildCreated (150)
V |                      | InjectParameterValues.OnBuildCreated (100)
V |                      | HandleShellCompletion.OnBuildCreated (75)
V |                      | GenerateBuildServerConfigurations.OnBuildCreated (50)
V |                      | InvokeBuildServerConfigurationGeneration.OnBuildCreated (45)
V |                      | Sending ConfigurationGenerated telemetry event ...
V |                      |   build_components         = 
V |                      |   build_type               = Project
V |                      |   compile_time             = <null>
V |                      |   config_generators        = GitHubActions
V |                      |   generator_host           = GitHubActions
V |                      |   generator_id             = e084d7
V |                      |   host                     = VSCode
V |                      |   num_custom_components    = 0
V |                      |   num_custom_extensions    = 0
V |                      |   num_partitioned_targets  = 0
V |                      |   num_secrets              = 0
V |                      |   num_targets              = 7
V |                      |   os_architecture          = X64
V |                      |   os_platform              = Windows
V |                      |   repo_branch              = main
V |                      |   repo_commit              = 04df23
V |                      |   repo_provider            = <null>
V |                      |   repo_url                 = <null>
V |                      |   target_framework         = .NETCoreApp,Version=v9.0
V |                      |   version_dotnet_sdk       = 10.0.102
V |                      |   version_nuke_common      = 9.0.4
V |                      |   version_nuke_global_tool = <null>
W |                      | Configuration files for GitHubActions (profiles_service) have changed.
V |                      | Updated .github\workflows\profiles_service.yml
V |                      | UpdateNotification.OnBuildCreated (10)
V |                      | UnsetVisualStudioEnvironmentVariables.OnBuildCreated (0)
V |                      | HandleVisualStudioDebugging.OnBuildCreated (0)
V |                      | EventInvoker.OnBuildCreated (-3.4028235E+38)
V |                      | HandlePlanRequests.OnBuildInitialized (10)
V |                      | HandleHelpRequests.OnBuildInitialized (5)
V |                      | Telemetry.OnBuildInitialized (0)
V |                      | Sending BuildStarted telemetry event ...
V |                      |   build_components         = 
V |                      |   build_type               = Project
V |                      |   compile_time             = <null>
V |                      |   config_generators        = GitHubActions
V |                      |   host                     = VSCode
V |                      |   num_custom_components    = 0
V |                      |   num_custom_extensions    = 0
V |                      |   num_partitioned_targets  = 0
V |                      |   num_secrets              = 0
V |                      |   num_targets              = 7
V |                      |   os_architecture          = X64
V |                      |   os_platform              = Windows
V |                      |   repo_branch              = main
V |                      |   repo_commit              = 04df23
V |                      |   repo_provider            = <null>
V |                      |   repo_url                 = <null>
V |                      |   target_framework         = .NETCoreApp,Version=v9.0
V |                      |   version_dotnet_sdk       = 10.0.102
V |                      |   version_nuke_common      = 9.0.4
V |                      |   version_nuke_global_tool = <null>
V |                      | InjectNonParameterValues.OnBuildInitialized (-100)
V |                      | EventInvoker.OnBuildInitialized (-3.4028235E+38)
V | Restore              | EventInvoker.OnTargetRunning (-3.4028235E+38)
I | Restore              | > "C:\Program Files\dotnet\dotnet.exe" restore D:\dev\Code\Projects\DsF\dragonsforge.sln
V | Restore              | @ D:\dev\Code\Projects\DsF
D | Restore              |   Determining projects to restore...
D | Restore              |   All projects are up-to-date for restore.
V | Restore              | Telemetry.OnTargetSucceeded (0)
V | Restore              | Sending TargetSucceeded telemetry event ...
V | Restore              |   build_components         = 
V | Restore              |   build_type               = Project
V | Restore              |   compile_time             = <null>
V | Restore              |   config_generators        = GitHubActions
V | Restore              |   host                     = VSCode
V | Restore              |   num_custom_components    = 0
V | Restore              |   num_custom_extensions    = 0
V | Restore              |   num_partitioned_targets  = 0
V | Restore              |   num_secrets              = 0
V | Restore              |   num_targets              = 7
V | Restore              |   os_architecture          = X64
V | Restore              |   os_platform              = Windows
V | Restore              |   repo_branch              = main
V | Restore              |   repo_commit              = 04df23
V | Restore              |   repo_provider            = <null>
V | Restore              |   repo_url                 = <null>
V | Restore              |   target_current_partition = 1
V | Restore              |   target_duration          = 4
V | Restore              |   target_framework         = .NETCoreApp,Version=v9.0
V | Restore              |   target_name              = Restore
V | Restore              |   target_total_partitions  = 1
V | Restore              |   version_dotnet_sdk       = 10.0.102
V | Restore              |   version_nuke_common      = 9.0.4
V | Restore              |   version_nuke_global_tool = <null>
V | Restore              | EventInvoker.OnTargetSucceeded (-3.4028235E+38)
V | Compile              | EventInvoker.OnTargetRunning (-3.4028235E+38)
I | Compile              | > "C:\Program Files\dotnet\dotnet.exe" build D:\dev\Code\Projects\DsF\dragonsforge.sln --configuration Debug
V | Compile              | @ D:\dev\Code\Projects\DsF
D | Compile              |   Determining projects to restore...
D | Compile              |   All projects are up-to-date for restore.
D | Compile              |   UserProfilesService.Contracts -> D:\dev\Code\Projects\DsF\src\UserProfilesService.Contracts\bin\Debug\net10.0\UserProfilesService.Contracts.dll
D | Compile              |   AppHost.ServiceDefaults -> D:\dev\Code\Projects\DsF\src\AppHost.ServiceDefaults\bin\Debug\net10.0\AppHost.ServiceDefaults.dll
D | Compile              |   UserProfilesService.Persistence -> D:\dev\Code\Projects\DsF\src\UserProfilesService.Persistence\bin\Debug\net10.0\UserProfilesService.Persistence.dll
D | Compile              |   UserProfilesService -> D:\dev\Code\Projects\DsF\src\UserProfilesService\bin\Debug\net10.0\UserProfilesService.dll
D | Compile              |   AppHost -> D:\dev\Code\Projects\DsF\src\AppHost\bin\Debug\net10.0\AppHost.dll
D | Compile              |   UserProfilesService.Testing -> D:\dev\Code\Projects\DsF\src\UserProfilesService.Testing\bin\Debug\net10.0\UserProfilesService.Testing.dll
D | Compile              | 
D | Compile              | Build succeeded.
D | Compile              |     0 Warning(s)
D | Compile              |     0 Error(s)
D | Compile              | 
D | Compile              | Time Elapsed 00:00:05.60
V | Compile              | Telemetry.OnTargetSucceeded (0)
V | Compile              | Sending TargetSucceeded telemetry event ...
V | Compile              |   build_components         = 
V | Compile              |   build_type               = Project
V | Compile              |   compile_time             = <null>
V | Compile              |   config_generators        = GitHubActions
V | Compile              |   host                     = VSCode
V | Compile              |   num_custom_components    = 0
V | Compile              |   num_custom_extensions    = 0
V | Compile              |   num_partitioned_targets  = 0
V | Compile              |   num_secrets              = 0
V | Compile              |   num_targets              = 7
V | Compile              |   os_architecture          = X64
V | Compile              |   os_platform              = Windows
V | Compile              |   repo_branch              = main
V | Compile              |   repo_commit              = 04df23
V | Compile              |   repo_provider            = <null>
V | Compile              |   repo_url                 = <null>
V | Compile              |   target_current_partition = 1
V | Compile              |   target_duration          = 6
V | Compile              |   target_framework         = .NETCoreApp,Version=v9.0
V | Compile              |   target_name              = Compile
V | Compile              |   target_total_partitions  = 1
V | Compile              |   version_dotnet_sdk       = 10.0.102
V | Compile              |   version_nuke_common      = 9.0.4
V | Compile              |   version_nuke_global_tool = <null>
V | Compile              | EventInvoker.OnTargetSucceeded (-3.4028235E+38)
V | UserProfilesTesting  | EventInvoker.OnTargetRunning (-3.4028235E+38)
I | UserProfilesTesting  | > "C:\Program Files\dotnet\dotnet.exe" test D:\dev\Code\Projects\DsF\src\UserProfilesService.Testing\UserProfilesService.Testing.csproj --configuration Debug --no-build --no-restore --framework net10.0
V | UserProfilesTesting  | @ D:\dev\Code\Projects\DsF
D | UserProfilesTesting  | Test run for D:\dev\Code\Projects\DsF\src\UserProfilesService.Testing\bin\Debug\net10.0\UserProfilesService.Testing.dll (.NETCoreApp,Version=v10.0)
D | UserProfilesTesting  | VSTest version 18.0.1 (x64)
D | UserProfilesTesting  | 
D | UserProfilesTesting  | Starting test execution, please wait...
D | UserProfilesTesting  | A total of 1 test files matched the specified pattern.
E | UserProfilesTesting  | [xUnit.net 00:00:55.37]     Testing.RepositoryTests.repository_should_handle_data_correctly.add_call_should_create_new_record_if_id_unique [FAIL]
E | UserProfilesTesting  | [xUnit.net 00:00:55.48]     Testing.RepositoryTests.repository_should_handle_data_correctly.delete_call_should_remove_record [FAIL]
D | UserProfilesTesting  |   Failed Testing.RepositoryTests.repository_should_handle_data_correctly.add_call_should_create_new_record_if_id_unique [1 s]
D | UserProfilesTesting  |   Error Message:
D | UserProfilesTesting  |    System.ArgumentNullException : Value cannot be null. (Parameter 'databaseName')
D | UserProfilesTesting  |   Stack Trace:
D | UserProfilesTesting  |      at MongoDB.Driver.Core.Misc.Ensure.IsNotNull[T](T value, String paramName)
D | UserProfilesTesting  |    at MongoDB.Driver.DatabaseNamespace..ctor(String databaseName)
D | UserProfilesTesting  |    at MongoDB.Driver.MongoClient.GetDatabase(String name, MongoDatabaseSettings settings)
D | UserProfilesTesting  |    at MongoDB.EntityFrameworkCore.Storage.MongoClientWrapper.get_Database()
D | UserProfilesTesting  |    at MongoDB.EntityFrameworkCore.Storage.MongoClientWrapper.GetCollection[T](String collectionName)
D | UserProfilesTesting  |    at MongoDB.EntityFrameworkCore.Storage.MongoDatabaseWrapper.WriteBatchesAsync(IEnumerable`1 updates, IClientSessionHandle session, CancellationToken cancellationToken)
D | UserProfilesTesting  |    at MongoDB.EntityFrameworkCore.Storage.MongoDatabaseWrapper.SaveChangesAsync(IList`1 entries, CancellationToken cancellationToken)
D | UserProfilesTesting  |    at Microsoft.EntityFrameworkCore.ChangeTracking.Internal.StateManager.SaveChangesAsync(IList`1 entriesToSave, CancellationToken cancellationToken)
D | UserProfilesTesting  |    at Microsoft.EntityFrameworkCore.ChangeTracking.Internal.StateManager.SaveChangesAsync(StateManager stateManager, Boolean acceptAllChangesOnSuccess, CancellationToken cancellationToken)
D | UserProfilesTesting  |    at Microsoft.EntityFrameworkCore.DbContext.SaveChangesAsync(Boolean acceptAllChangesOnSuccess, CancellationToken cancellationToken)
D | UserProfilesTesting  |    at Microsoft.EntityFrameworkCore.DbContext.SaveChangesAsync(Boolean acceptAllChangesOnSuccess, CancellationToken cancellationToken)
D | UserProfilesTesting  |    at Persistence.Repositories.ProfileRepository.AddAsync(ProfileDocument entity, CancellationToken cancellationToken) in D:\dev\Code\Projects\DsF\src\UserProfilesService.Persistence\Repositories\ProfileRepository.cs:line 21
D | UserProfilesTesting  |    at Testing.RepositoryTests.repository_should_handle_data_correctly.add_call_should_create_new_record_if_id_unique() in D:\dev\Code\Projects\DsF\src\UserProfilesService.Testing\RepositoryTests\repository_should_handle_data_correctly.cs:line 43
D | UserProfilesTesting  | --- End of stack trace from previous location ---
D | UserProfilesTesting  |   Failed Testing.RepositoryTests.repository_should_handle_data_correctly.delete_call_should_remove_record [111 ms]
D | UserProfilesTesting  |   Error Message:
D | UserProfilesTesting  |    System.ArgumentNullException : Value cannot be null. (Parameter 'databaseName')
D | UserProfilesTesting  |   Stack Trace:
D | UserProfilesTesting  |      at MongoDB.Driver.Core.Misc.Ensure.IsNotNull[T](T value, String paramName)
D | UserProfilesTesting  |    at MongoDB.Driver.DatabaseNamespace..ctor(String databaseName)
D | UserProfilesTesting  |    at MongoDB.Driver.MongoClient.GetDatabase(String name, MongoDatabaseSettings settings)
D | UserProfilesTesting  |    at MongoDB.EntityFrameworkCore.Storage.MongoClientWrapper.get_Database()
D | UserProfilesTesting  |    at MongoDB.EntityFrameworkCore.Storage.MongoClientWrapper.GetCollection[T](String collectionName)
D | UserProfilesTesting  |    at MongoDB.EntityFrameworkCore.Storage.MongoDatabaseWrapper.WriteBatchesAsync(IEnumerable`1 updates, IClientSessionHandle session, CancellationToken cancellationToken)
D | UserProfilesTesting  |    at MongoDB.EntityFrameworkCore.Storage.MongoDatabaseWrapper.SaveChangesAsync(IList`1 entries, CancellationToken cancellationToken)
D | UserProfilesTesting  |    at Microsoft.EntityFrameworkCore.ChangeTracking.Internal.StateManager.SaveChangesAsync(IList`1 entriesToSave, CancellationToken cancellationToken)
D | UserProfilesTesting  |    at Microsoft.EntityFrameworkCore.ChangeTracking.Internal.StateManager.SaveChangesAsync(StateManager stateManager, Boolean acceptAllChangesOnSuccess, CancellationToken cancellationToken)
D | UserProfilesTesting  |    at Microsoft.EntityFrameworkCore.DbContext.SaveChangesAsync(Boolean acceptAllChangesOnSuccess, CancellationToken cancellationToken)
D | UserProfilesTesting  |    at Microsoft.EntityFrameworkCore.DbContext.SaveChangesAsync(Boolean acceptAllChangesOnSuccess, CancellationToken cancellationToken)
D | UserProfilesTesting  |    at Persistence.Repositories.ProfileRepository.AddAsync(ProfileDocument entity, CancellationToken cancellationToken) in D:\dev\Code\Projects\DsF\src\UserProfilesService.Persistence\Repositories\ProfileRepository.cs:line 21
D | UserProfilesTesting  |    at Testing.RepositoryTests.repository_should_handle_data_correctly.delete_call_should_remove_record() in D:\dev\Code\Projects\DsF\src\UserProfilesService.Testing\RepositoryTests\repository_should_handle_data_correctly.cs:line 107
D | UserProfilesTesting  | --- End of stack trace from previous location ---
E | UserProfilesTesting  | [xUnit.net 00:00:55.92]     Testing.RepositoryTests.repository_should_handle_data_correctly.get_by_id_should_return_null_if_not_found [FAIL]
E | UserProfilesTesting  | [xUnit.net 00:00:55.93]     Testing.RepositoryTests.repository_should_handle_data_correctly.get_all_should_return_all_documents [FAIL]
E | UserProfilesTesting  | [xUnit.net 00:00:55.93]     Testing.RepositoryTests.repository_should_handle_data_correctly.update_call_should_modify_existing_record [FAIL]
E | UserProfilesTesting  | [xUnit.net 00:00:56.09]     Testing.RepositoryTests.repository_should_handle_data_correctly.delete_call_should_not_fail_for_non_existent_id [FAIL]
D | UserProfilesTesting  |   Failed Testing.RepositoryTests.repository_should_handle_data_correctly.get_by_id_should_return_null_if_not_found [431 ms]
D | UserProfilesTesting  |   Error Message:
D | UserProfilesTesting  |    System.ArgumentNullException : Value cannot be null. (Parameter 'databaseName')
D | UserProfilesTesting  |   Stack Trace:
D | UserProfilesTesting  |      at MongoDB.Driver.Core.Misc.Ensure.IsNotNull[T](T value, String paramName)
D | UserProfilesTesting  |    at MongoDB.Driver.DatabaseNamespace..ctor(String databaseName)
D | UserProfilesTesting  |    at MongoDB.Driver.MongoClient.GetDatabase(String name, MongoDatabaseSettings settings)
D | UserProfilesTesting  |    at MongoDB.EntityFrameworkCore.Storage.MongoClientWrapper.get_Database()
D | UserProfilesTesting  |    at MongoDB.EntityFrameworkCore.Storage.MongoClientWrapper.GetCollection[T](String collectionName)
D | UserProfilesTesting  |    at lambda_method109(Closure, QueryContext)
D | UserProfilesTesting  |    at Microsoft.EntityFrameworkCore.Query.Internal.QueryCompiler.ExecuteCore[TResult](Expression query, Boolean async, CancellationToken cancellationToken)
D | UserProfilesTesting  |    at Microsoft.EntityFrameworkCore.Query.Internal.QueryCompiler.ExecuteAsync[TResult](Expression query, CancellationToken cancellationToken)
D | UserProfilesTesting  |    at Microsoft.EntityFrameworkCore.Query.Internal.EntityQueryProvider.ExecuteAsync[TResult](Expression expression, CancellationToken cancellationToken)
D | UserProfilesTesting  |    at Microsoft.EntityFrameworkCore.EntityFrameworkQueryableExtensions.ExecuteAsync[TSource,TResult](MethodInfo operatorMethodInfo, IQueryable`1 source, Expression expression, CancellationToken cancellationToken)
D | UserProfilesTesting  |    at Microsoft.EntityFrameworkCore.EntityFrameworkQueryableExtensions.ExecuteAsync[TSource,TResult](MethodInfo operatorMethodInfo, IQueryable`1 source, LambdaExpression expression, CancellationToken cancellationToken)
D | UserProfilesTesting  |    at Microsoft.EntityFrameworkCore.EntityFrameworkQueryableExtensions.FirstOrDefaultAsync[TSource](IQueryable`1 source, Expression`1 predicate, CancellationToken cancellationToken)
D | UserProfilesTesting  |    at Microsoft.EntityFrameworkCore.Internal.EntityFinder`1.FindAsync(Object[] keyValues, CancellationToken cancellationToken)
D | UserProfilesTesting  |    at Microsoft.EntityFrameworkCore.Internal.InternalDbSet`1.FindAsync(Object[] keyValues, CancellationToken cancellationToken)
D | UserProfilesTesting  |    at Persistence.Repositories.ProfileRepository.GetByIdAsync(String id, CancellationToken cancellationToken) in D:\dev\Code\Projects\DsF\src\UserProfilesService.Persistence\Repositories\ProfileRepository.cs:line 27
D | UserProfilesTesting  |    at Testing.RepositoryTests.repository_should_handle_data_correctly.get_by_id_should_return_null_if_not_found() in D:\dev\Code\Projects\DsF\src\UserProfilesService.Testing\RepositoryTests\repository_should_handle_data_correctly.cs:line 61
D | UserProfilesTesting  | --- End of stack trace from previous location ---
D | UserProfilesTesting  |   Failed Testing.RepositoryTests.repository_should_handle_data_correctly.get_all_should_return_all_documents [8 ms]
D | UserProfilesTesting  |   Error Message:
D | UserProfilesTesting  |    System.ArgumentNullException : Value cannot be null. (Parameter 'databaseName')
D | UserProfilesTesting  |   Stack Trace:
D | UserProfilesTesting  |      at MongoDB.Driver.Core.Misc.Ensure.IsNotNull[T](T value, String paramName)
D | UserProfilesTesting  |    at MongoDB.Driver.DatabaseNamespace..ctor(String databaseName)
D | UserProfilesTesting  |    at MongoDB.Driver.MongoClient.GetDatabase(String name, MongoDatabaseSettings settings)
D | UserProfilesTesting  |    at MongoDB.EntityFrameworkCore.Storage.MongoClientWrapper.get_Database()
D | UserProfilesTesting  |    at MongoDB.EntityFrameworkCore.Storage.MongoClientWrapper.GetCollection[T](String collectionName)
D | UserProfilesTesting  |    at MongoDB.EntityFrameworkCore.Storage.MongoDatabaseWrapper.WriteBatchesAsync(IEnumerable`1 updates, IClientSessionHandle session, CancellationToken cancellationToken)
D | UserProfilesTesting  |    at MongoDB.EntityFrameworkCore.Storage.MongoDatabaseWrapper.SaveChangesAsync(IList`1 entries, CancellationToken cancellationToken)
D | UserProfilesTesting  |    at Microsoft.EntityFrameworkCore.ChangeTracking.Internal.StateManager.SaveChangesAsync(IList`1 entriesToSave, CancellationToken cancellationToken)
D | UserProfilesTesting  |    at Microsoft.EntityFrameworkCore.ChangeTracking.Internal.StateManager.SaveChangesAsync(StateManager stateManager, Boolean acceptAllChangesOnSuccess, CancellationToken cancellationToken)
D | UserProfilesTesting  |    at Microsoft.EntityFrameworkCore.DbContext.SaveChangesAsync(Boolean acceptAllChangesOnSuccess, CancellationToken cancellationToken)
D | UserProfilesTesting  |    at Microsoft.EntityFrameworkCore.DbContext.SaveChangesAsync(Boolean acceptAllChangesOnSuccess, CancellationToken cancellationToken)
D | UserProfilesTesting  |    at Persistence.Repositories.ProfileRepository.AddAsync(ProfileDocument entity, CancellationToken cancellationToken) in D:\dev\Code\Projects\DsF\src\UserProfilesService.Persistence\Repositories\ProfileRepository.cs:line 21
D | UserProfilesTesting  |    at Testing.RepositoryTests.repository_should_handle_data_correctly.get_all_should_return_all_documents() in D:\dev\Code\Projects\DsF\src\UserProfilesService.Testing\RepositoryTests\repository_should_handle_data_correctly.cs:line 142
D | UserProfilesTesting  | --- End of stack trace from previous location ---
D | UserProfilesTesting  |   Failed Testing.RepositoryTests.repository_should_handle_data_correctly.update_call_should_modify_existing_record [4 ms]
D | UserProfilesTesting  |   Error Message:
D | UserProfilesTesting  |    System.ArgumentNullException : Value cannot be null. (Parameter 'databaseName')
D | UserProfilesTesting  |   Stack Trace:
D | UserProfilesTesting  |      at MongoDB.Driver.Core.Misc.Ensure.IsNotNull[T](T value, String paramName)
D | UserProfilesTesting  |    at MongoDB.Driver.DatabaseNamespace..ctor(String databaseName)
D | UserProfilesTesting  |    at MongoDB.Driver.MongoClient.GetDatabase(String name, MongoDatabaseSettings settings)
D | UserProfilesTesting  |    at MongoDB.EntityFrameworkCore.Storage.MongoClientWrapper.get_Database()
D | UserProfilesTesting  |    at MongoDB.EntityFrameworkCore.Storage.MongoClientWrapper.GetCollection[T](String collectionName)
D | UserProfilesTesting  |    at MongoDB.EntityFrameworkCore.Storage.MongoDatabaseWrapper.WriteBatchesAsync(IEnumerable`1 updates, IClientSessionHandle session, CancellationToken cancellationToken)
D | UserProfilesTesting  |    at MongoDB.EntityFrameworkCore.Storage.MongoDatabaseWrapper.SaveChangesAsync(IList`1 entries, CancellationToken cancellationToken)
D | UserProfilesTesting  |    at Microsoft.EntityFrameworkCore.ChangeTracking.Internal.StateManager.SaveChangesAsync(IList`1 entriesToSave, CancellationToken cancellationToken)
D | UserProfilesTesting  |    at Microsoft.EntityFrameworkCore.ChangeTracking.Internal.StateManager.SaveChangesAsync(StateManager stateManager, Boolean acceptAllChangesOnSuccess, CancellationToken cancellationToken)
D | UserProfilesTesting  |    at Microsoft.EntityFrameworkCore.DbContext.SaveChangesAsync(Boolean acceptAllChangesOnSuccess, CancellationToken cancellationToken)
D | UserProfilesTesting  |    at Microsoft.EntityFrameworkCore.DbContext.SaveChangesAsync(Boolean acceptAllChangesOnSuccess, CancellationToken cancellationToken)
D | UserProfilesTesting  |    at Persistence.Repositories.ProfileRepository.AddAsync(ProfileDocument entity, CancellationToken cancellationToken) in D:\dev\Code\Projects\DsF\src\UserProfilesService.Persistence\Repositories\ProfileRepository.cs:line 21
D | UserProfilesTesting  |    at Testing.RepositoryTests.repository_should_handle_data_correctly.update_call_should_modify_existing_record() in D:\dev\Code\Projects\DsF\src\UserProfilesService.Testing\RepositoryTests\repository_should_handle_data_correctly.cs:line 78
D | UserProfilesTesting  | --- End of stack trace from previous location ---
D | UserProfilesTesting  |   Failed Testing.RepositoryTests.repository_should_handle_data_correctly.delete_call_should_not_fail_for_non_existent_id [153 ms]
D | UserProfilesTesting  |   Error Message:
D | UserProfilesTesting  |    Shouldly.ShouldAssertException : `async () => await _repository.DeleteAsync("non-existent-id")`
D | UserProfilesTesting  |     should not throw but threw
D | UserProfilesTesting  | System.ArgumentNullException
D | UserProfilesTesting  |     with message
D | UserProfilesTesting  | "Value cannot be null. (Parameter 'databaseName')"
D | UserProfilesTesting  |   Stack Trace:
D | UserProfilesTesting  |      at System.Threading.ExecutionContext.RunFromThreadPoolDispatchLoop(Thread threadPoolThread, ExecutionContext executionContext, ContextCallback callback, Object state)
D | UserProfilesTesting  | --- End of stack trace from previous location ---
D | UserProfilesTesting  |    at System.Runtime.ExceptionServices.ExceptionDispatchInfo.Throw()
D | UserProfilesTesting  |    at System.Threading.ExecutionContext.RunFromThreadPoolDispatchLoop(Thread threadPoolThread, ExecutionContext executionContext, ContextCallback callback, Object state)
D | UserProfilesTesting  |    at System.Threading.Tasks.Task.ExecuteWithThreadLocal(Task& currentTaskSlot, Thread threadPoolThread)
D | UserProfilesTesting  | --- End of stack trace from previous location ---
D | UserProfilesTesting  |    at System.Runtime.ExceptionServices.ExceptionDispatchInfo.Throw()
D | UserProfilesTesting  |    at System.Runtime.CompilerServices.TaskAwaiter.ThrowForNonSuccess(Task task)
D | UserProfilesTesting  |    at System.Runtime.CompilerServices.TaskAwaiter.HandleNonSuccessAndDebuggerNotification(Task task, ConfigureAwaitOptions options)
D | UserProfilesTesting  |    at Testing.RepositoryTests.repository_should_handle_data_correctly.delete_call_should_not_fail_for_non_existent_id() in D:\dev\Code\Projects\DsF\src\UserProfilesService.Testing\RepositoryTests\repository_should_handle_data_correctly.cs:line 121
D | UserProfilesTesting  |    at System.Runtime.ExceptionServices.ExceptionDispatchInfo.Throw()
D | UserProfilesTesting  |    at System.Runtime.CompilerServices.TaskAwaiter.ThrowForNonSuccess(Task task)
D | UserProfilesTesting  |    at System.Runtime.CompilerServices.TaskAwaiter.HandleNonSuccessAndDebuggerNotification(Task task, ConfigureAwaitOptions options)
D | UserProfilesTesting  | --- End of stack trace from previous location ---
D | UserProfilesTesting  |    at System.Runtime.ExceptionServices.ExceptionDispatchInfo.Throw()
D | UserProfilesTesting  |    at System.Runtime.CompilerServices.TaskAwaiter.ThrowForNonSuccess(Task task)
D | UserProfilesTesting  |    at System.Runtime.CompilerServices.TaskAwaiter.HandleNonSuccessAndDebuggerNotification(Task task, ConfigureAwaitOptions options)
D | UserProfilesTesting  |    at System.Runtime.ExceptionServices.ExceptionDispatchInfo.Throw()
D | UserProfilesTesting  |    at System.Runtime.CompilerServices.TaskAwaiter.ThrowForNonSuccess(Task task)
D | UserProfilesTesting  |    at System.Runtime.CompilerServices.TaskAwaiter.HandleNonSuccessAndDebuggerNotification(Task task, ConfigureAwaitOptions options)
D | UserProfilesTesting  | 
D | UserProfilesTesting  | Failed!  - Failed:     6, Passed:     0, Skipped:     0, Total:     6, Duration: 2 s - UserProfilesService.Testing.dll (net10.0)
E | UserProfilesTesting  | Target UserProfilesTesting has thrown an exception
Nuke.Common.Tooling.ProcessException: Process 'dotnet.exe' exited with code 1.
   > "C:\Program Files\dotnet\dotnet.exe" test D:\dev\Code\Projects\DsF\src\UserProfilesService.Testing\UserProfilesService.Testing.csproj --configuration Debug --no-build --no-restore --framework net10.0
   @ D:\dev\Code\Projects\DsF
Error output:
   [xUnit.net 00:00:55.37]     Testing.RepositoryTests.repository_should_handle_data_correctly.add_call_should_create_new_record_if_id_unique [FAIL]
   [xUnit.net 00:00:55.48]     Testing.RepositoryTests.repository_should_handle_data_correctly.delete_call_should_remove_record [FAIL]
   [xUnit.net 00:00:55.92]     Testing.RepositoryTests.repository_should_handle_data_correctly.get_by_id_should_return_null_if_not_found [FAIL]
   [xUnit.net 00:00:55.93]     Testing.RepositoryTests.repository_should_handle_data_correctly.get_all_should_return_all_documents [FAIL]
   [xUnit.net 00:00:55.93]     Testing.RepositoryTests.repository_should_handle_data_correctly.update_call_should_modify_existing_record [FAIL]
   [xUnit.net 00:00:56.09]     Testing.RepositoryTests.repository_should_handle_data_correctly.delete_call_should_not_fail_for_non_existent_id [FAIL]

   at Nuke.Common.Tooling.ProcessExtensions.AssertZeroExitCode(IProcess process) in /_/source/Nuke.Tooling/ProcessExtensions.cs:line 38
   at Nuke.Common.Tooling.ToolTasks.<>c.<GetExitHandler>b__4_0(ToolOptions _, IProcess p) in /_/source/Nuke.Tooling/ToolTasks.ExitHandler.cs:line 27
   at Nuke.Common.Tooling.ToolTasks.<>c__DisplayClass8_0.<GetExitHandlerInternal>b__3(ToolOptions o, IProcess p) in /_/source/Nuke.Tooling/ToolTasks.ExitHandler.cs:line 22
   at Nuke.Common.Tooling.ToolTasks.Run[T](T options) in /_/source/Nuke.Tooling/ToolTasks.Run.cs:line 36
   at Nuke.Common.Tools.DotNet.DotNetTasks.DotNetTest(Configure`1 configurator) in /_/source/Nuke.Common/Tools/DotNet/DotNet.Generated.cs:line 34
   at Build.<get_UserProfilesTesting>b__17_1() in D:\dev\Code\Projects\DsF\build\Build.cs:line 78
   at Nuke.Common.Execution.BuildExecutor.<>c.<Execute>b__4_2(Action x) in /_/source/Nuke.Build/Execution/BuildExecutor.cs:line 120
   at System.Collections.Generic.List`1.ForEach(Action`1 action)
   at Nuke.Common.Execution.BuildExecutor.Execute(NukeBuild build, ExecutableTarget target, IReadOnlyCollection`1 previouslyExecutedTargets, Boolean failureMode) in /_/source/Nuke.Build/Execution/BuildExecutor.cs:line 120
V | UserProfilesTesting  | EventInvoker.OnTargetFailed (-3.4028235E+38)
